{"C:\\Users\\ASUS\\Desktop\\UTP\\Ciclo 7\\Integrador 1\\Integrador\\server.js": {"path":"C:\\Users\\ASUS\\Desktop\\UTP\\Ciclo 7\\Integrador 1\\Integrador\\server.js","statementMap":{"0":{"start":{"line":1,"column":0},"end":{"line":1,"column":27}},"1":{"start":{"line":3,"column":29},"end":{"line":3,"column":49}},"2":{"start":{"line":4,"column":31},"end":{"line":4,"column":52}},"3":{"start":{"line":5,"column":29},"end":{"line":5,"column":54}},"4":{"start":{"line":7,"column":13},"end":{"line":7,"column":37}},"5":{"start":{"line":9,"column":0},"end":{"line":32,"column":1}},"6":{"start":{"line":10,"column":2},"end":{"line":31,"column":7}},"7":{"start":{"line":11,"column":4},"end":{"line":20,"column":5}},"8":{"start":{"line":12,"column":19},"end":{"line":12,"column":50}},"9":{"start":{"line":13,"column":6},"end":{"line":13,"column":24}},"10":{"start":{"line":14,"column":6},"end":{"line":14,"column":21}},"11":{"start":{"line":15,"column":6},"end":{"line":15,"column":80}},"12":{"start":{"line":17,"column":6},"end":{"line":17,"column":68}},"13":{"start":{"line":18,"column":6},"end":{"line":18,"column":102}},"14":{"start":{"line":19,"column":6},"end":{"line":19,"column":22}},"15":{"start":{"line":22,"column":4},"end":{"line":28,"column":5}},"16":{"start":{"line":23,"column":6},"end":{"line":23,"column":33}},"17":{"start":{"line":24,"column":6},"end":{"line":24,"column":107}},"18":{"start":{"line":26,"column":6},"end":{"line":26,"column":55}},"19":{"start":{"line":27,"column":6},"end":{"line":27,"column":121}},"20":{"start":{"line":30,"column":4},"end":{"line":30,"column":90}},"21":{"start":{"line":30,"column":27},"end":{"line":30,"column":88}},"22":{"start":{"line":34,"column":0},"end":{"line":34,"column":25}}},"fnMap":{"0":{"name":"(anonymous_0)","decl":{"start":{"line":10,"column":3},"end":{"line":10,"column":4}},"loc":{"start":{"line":10,"column":15},"end":{"line":31,"column":3}},"line":10},"1":{"name":"(anonymous_1)","decl":{"start":{"line":30,"column":21},"end":{"line":30,"column":22}},"loc":{"start":{"line":30,"column":27},"end":{"line":30,"column":88}},"line":30}},"branchMap":{"0":{"loc":{"start":{"line":7,"column":13},"end":{"line":7,"column":37}},"type":"binary-expr","locations":[{"start":{"line":7,"column":13},"end":{"line":7,"column":29}},{"start":{"line":7,"column":33},"end":{"line":7,"column":37}}],"line":7},"1":{"loc":{"start":{"line":9,"column":0},"end":{"line":32,"column":1}},"type":"if","locations":[{"start":{"line":9,"column":0},"end":{"line":32,"column":1}},{"start":{},"end":{}}],"line":9}},"s":{"0":13,"1":13,"2":13,"3":13,"4":13,"5":13,"6":0,"7":0,"8":0,"9":0,"10":0,"11":0,"12":0,"13":0,"14":0,"15":0,"16":0,"17":0,"18":0,"19":0,"20":0,"21":0,"22":13},"f":{"0":0,"1":0},"b":{"0":[13,0],"1":[0,13]},"_coverageSchema":"1a1c01bbd47fc00a2c39e90264f33305004495a9","hash":"525487172bb2b8cc2a652cdabf648a85843ae9c6"}
,"C:\\Users\\ASUS\\Desktop\\UTP\\Ciclo 7\\Integrador 1\\Integrador\\db\\mysql.js": {"path":"C:\\Users\\ASUS\\Desktop\\UTP\\Ciclo 7\\Integrador 1\\Integrador\\db\\mysql.js","statementMap":{"0":{"start":{"line":3,"column":31},"end":{"line":3,"column":64}},"1":{"start":{"line":4,"column":36},"end":{"line":4,"column":67}},"2":{"start":{"line":6,"column":0},"end":{"line":6,"column":65}}},"fnMap":{},"branchMap":{},"s":{"0":0,"1":0,"2":0},"f":{},"b":{}}
,"C:\\Users\\ASUS\\Desktop\\UTP\\Ciclo 7\\Integrador 1\\Integrador\\src\\app.js": {"path":"C:\\Users\\ASUS\\Desktop\\UTP\\Ciclo 7\\Integrador 1\\Integrador\\src\\app.js","statementMap":{"0":{"start":{"line":1,"column":16},"end":{"line":1,"column":31}},"1":{"start":{"line":2,"column":16},"end":{"line":2,"column":34}},"2":{"start":{"line":3,"column":16},"end":{"line":3,"column":33}},"3":{"start":{"line":4,"column":16},"end":{"line":4,"column":31}},"4":{"start":{"line":6,"column":48},"end":{"line":6,"column":80}},"5":{"start":{"line":7,"column":49},"end":{"line":7,"column":84}},"6":{"start":{"line":8,"column":20},"end":{"line":8,"column":50}},"7":{"start":{"line":9,"column":20},"end":{"line":9,"column":48}},"8":{"start":{"line":10,"column":20},"end":{"line":10,"column":51}},"9":{"start":{"line":11,"column":20},"end":{"line":11,"column":51}},"10":{"start":{"line":12,"column":20},"end":{"line":12,"column":51}},"11":{"start":{"line":14,"column":12},"end":{"line":14,"column":21}},"12":{"start":{"line":16,"column":0},"end":{"line":26,"column":4}},"13":{"start":{"line":27,"column":0},"end":{"line":27,"column":78}},"14":{"start":{"line":28,"column":0},"end":{"line":28,"column":41}},"15":{"start":{"line":30,"column":0},"end":{"line":30,"column":26}},"16":{"start":{"line":31,"column":0},"end":{"line":31,"column":62}},"17":{"start":{"line":33,"column":0},"end":{"line":33,"column":39}},"18":{"start":{"line":34,"column":0},"end":{"line":34,"column":40}},"19":{"start":{"line":35,"column":0},"end":{"line":35,"column":40}},"20":{"start":{"line":36,"column":0},"end":{"line":36,"column":37}},"21":{"start":{"line":38,"column":0},"end":{"line":40,"column":2}},"22":{"start":{"line":39,"column":2},"end":{"line":39,"column":66}},"23":{"start":{"line":42,"column":0},"end":{"line":42,"column":34}},"24":{"start":{"line":43,"column":0},"end":{"line":43,"column":32}},"25":{"start":{"line":44,"column":0},"end":{"line":44,"column":35}},"26":{"start":{"line":45,"column":0},"end":{"line":45,"column":35}},"27":{"start":{"line":46,"column":0},"end":{"line":46,"column":35}},"28":{"start":{"line":48,"column":0},"end":{"line":48,"column":25}}},"fnMap":{"0":{"name":"(anonymous_0)","decl":{"start":{"line":38,"column":13},"end":{"line":38,"column":14}},"loc":{"start":{"line":39,"column":2},"end":{"line":39,"column":66}},"line":39}},"branchMap":{"0":{"loc":{"start":{"line":27,"column":23},"end":{"line":27,"column":73}},"type":"binary-expr","locations":[{"start":{"line":27,"column":23},"end":{"line":27,"column":46}},{"start":{"line":27,"column":50},"end":{"line":27,"column":73}}],"line":27}},"s":{"0":13,"1":13,"2":13,"3":13,"4":13,"5":13,"6":13,"7":13,"8":13,"9":13,"10":13,"11":13,"12":13,"13":13,"14":13,"15":13,"16":13,"17":13,"18":13,"19":13,"20":13,"21":13,"22":0,"23":13,"24":13,"25":13,"26":13,"27":13,"28":13},"f":{"0":0},"b":{"0":[13,0]},"_coverageSchema":"1a1c01bbd47fc00a2c39e90264f33305004495a9","hash":"9bf379638ca4a613262e1593201f6719a64b10fd"}
,"C:\\Users\\ASUS\\Desktop\\UTP\\Ciclo 7\\Integrador 1\\Integrador\\src\\config\\database.js": {"path":"C:\\Users\\ASUS\\Desktop\\UTP\\Ciclo 7\\Integrador 1\\Integrador\\src\\config\\database.js","statementMap":{"0":{"start":{"line":1,"column":14},"end":{"line":1,"column":39}},"1":{"start":{"line":3,"column":18},"end":{"line":9,"column":1}},"2":{"start":{"line":14,"column":2},"end":{"line":20,"column":3}},"3":{"start":{"line":15,"column":4},"end":{"line":19,"column":7}},"4":{"start":{"line":21,"column":2},"end":{"line":21,"column":14}},"5":{"start":{"line":24,"column":0},"end":{"line":24,"column":40}}},"fnMap":{"0":{"name":"getPool","decl":{"start":{"line":13,"column":9},"end":{"line":13,"column":16}},"loc":{"start":{"line":13,"column":19},"end":{"line":22,"column":1}},"line":13}},"branchMap":{"0":{"loc":{"start":{"line":4,"column":12},"end":{"line":4,"column":50}},"type":"binary-expr","locations":[{"start":{"line":4,"column":12},"end":{"line":4,"column":31}},{"start":{"line":4,"column":39},"end":{"line":4,"column":50}}],"line":4},"1":{"loc":{"start":{"line":5,"column":12},"end":{"line":5,"column":43}},"type":"binary-expr","locations":[{"start":{"line":5,"column":12},"end":{"line":5,"column":31}},{"start":{"line":5,"column":39},"end":{"line":5,"column":43}}],"line":5},"2":{"loc":{"start":{"line":6,"column":12},"end":{"line":6,"column":45}},"type":"binary-expr","locations":[{"start":{"line":6,"column":12},"end":{"line":6,"column":31}},{"start":{"line":6,"column":39},"end":{"line":6,"column":45}}],"line":6},"3":{"loc":{"start":{"line":7,"column":12},"end":{"line":7,"column":45}},"type":"binary-expr","locations":[{"start":{"line":7,"column":12},"end":{"line":7,"column":35}},{"start":{"line":7,"column":39},"end":{"line":7,"column":45}}],"line":7},"4":{"loc":{"start":{"line":8,"column":12},"end":{"line":8,"column":58}},"type":"binary-expr","locations":[{"start":{"line":8,"column":12},"end":{"line":8,"column":31}},{"start":{"line":8,"column":39},"end":{"line":8,"column":58}}],"line":8},"5":{"loc":{"start":{"line":14,"column":2},"end":{"line":20,"column":3}},"type":"if","locations":[{"start":{"line":14,"column":2},"end":{"line":20,"column":3}},{"start":{},"end":{}}],"line":14}},"s":{"0":0,"1":0,"2":0,"3":0,"4":0,"5":0},"f":{"0":0},"b":{"0":[0,0],"1":[0,0],"2":[0,0],"3":[0,0],"4":[0,0],"5":[0,0]}}
,"C:\\Users\\ASUS\\Desktop\\UTP\\Ciclo 7\\Integrador 1\\Integrador\\src\\controllers\\adminController.js": {"path":"C:\\Users\\ASUS\\Desktop\\UTP\\Ciclo 7\\Integrador 1\\Integrador\\src\\controllers\\adminController.js","statementMap":{"0":{"start":{"line":1,"column":21},"end":{"line":1,"column":56}},"1":{"start":{"line":4,"column":2},"end":{"line":10,"column":3}},"2":{"start":{"line":5,"column":18},"end":{"line":5,"column":47}},"3":{"start":{"line":6,"column":4},"end":{"line":6,"column":20}},"4":{"start":{"line":8,"column":4},"end":{"line":8,"column":53}},"5":{"start":{"line":9,"column":4},"end":{"line":9,"column":87}},"6":{"start":{"line":14,"column":2},"end":{"line":19,"column":3}},"7":{"start":{"line":15,"column":21},"end":{"line":15,"column":53}},"8":{"start":{"line":16,"column":4},"end":{"line":16,"column":23}},"9":{"start":{"line":18,"column":4},"end":{"line":18,"column":87}},"10":{"start":{"line":23,"column":21},"end":{"line":23,"column":35}},"11":{"start":{"line":24,"column":2},"end":{"line":24,"column":93}},"12":{"start":{"line":24,"column":28},"end":{"line":24,"column":93}},"13":{"start":{"line":25,"column":2},"end":{"line":30,"column":3}},"14":{"start":{"line":26,"column":4},"end":{"line":26,"column":66}},"15":{"start":{"line":27,"column":4},"end":{"line":27,"column":27}},"16":{"start":{"line":29,"column":4},"end":{"line":29,"column":87}},"17":{"start":{"line":34,"column":2},"end":{"line":39,"column":3}},"18":{"start":{"line":35,"column":4},"end":{"line":35,"column":52}},"19":{"start":{"line":36,"column":4},"end":{"line":36,"column":27}},"20":{"start":{"line":38,"column":4},"end":{"line":38,"column":87}},"21":{"start":{"line":43,"column":2},"end":{"line":48,"column":3}},"22":{"start":{"line":44,"column":20},"end":{"line":44,"column":59}},"23":{"start":{"line":45,"column":4},"end":{"line":45,"column":22}},"24":{"start":{"line":47,"column":4},"end":{"line":47,"column":87}},"25":{"start":{"line":52,"column":2},"end":{"line":57,"column":3}},"26":{"start":{"line":53,"column":4},"end":{"line":53,"column":53}},"27":{"start":{"line":54,"column":4},"end":{"line":54,"column":27}},"28":{"start":{"line":56,"column":4},"end":{"line":56,"column":87}},"29":{"start":{"line":60,"column":0},"end":{"line":60,"column":115}}},"fnMap":{"0":{"name":"getStats","decl":{"start":{"line":3,"column":15},"end":{"line":3,"column":23}},"loc":{"start":{"line":3,"column":34},"end":{"line":11,"column":1}},"line":3},"1":{"name":"getAccounts","decl":{"start":{"line":13,"column":15},"end":{"line":13,"column":26}},"loc":{"start":{"line":13,"column":37},"end":{"line":20,"column":1}},"line":13},"2":{"name":"updateAccountStatus","decl":{"start":{"line":22,"column":15},"end":{"line":22,"column":34}},"loc":{"start":{"line":22,"column":45},"end":{"line":31,"column":1}},"line":22},"3":{"name":"deleteAccount","decl":{"start":{"line":33,"column":15},"end":{"line":33,"column":28}},"loc":{"start":{"line":33,"column":39},"end":{"line":40,"column":1}},"line":33},"4":{"name":"getBlockedAccounts","decl":{"start":{"line":42,"column":15},"end":{"line":42,"column":33}},"loc":{"start":{"line":42,"column":44},"end":{"line":49,"column":1}},"line":42},"5":{"name":"unblockAccount","decl":{"start":{"line":51,"column":15},"end":{"line":51,"column":29}},"loc":{"start":{"line":51,"column":40},"end":{"line":58,"column":1}},"line":51}},"branchMap":{"0":{"loc":{"start":{"line":9,"column":15},"end":{"line":9,"column":32}},"type":"binary-expr","locations":[{"start":{"line":9,"column":15},"end":{"line":9,"column":25}},{"start":{"line":9,"column":29},"end":{"line":9,"column":32}}],"line":9},"1":{"loc":{"start":{"line":9,"column":48},"end":{"line":9,"column":83}},"type":"binary-expr","locations":[{"start":{"line":9,"column":48},"end":{"line":9,"column":59}},{"start":{"line":9,"column":63},"end":{"line":9,"column":83}}],"line":9},"2":{"loc":{"start":{"line":18,"column":15},"end":{"line":18,"column":32}},"type":"binary-expr","locations":[{"start":{"line":18,"column":15},"end":{"line":18,"column":25}},{"start":{"line":18,"column":29},"end":{"line":18,"column":32}}],"line":18},"3":{"loc":{"start":{"line":18,"column":48},"end":{"line":18,"column":83}},"type":"binary-expr","locations":[{"start":{"line":18,"column":48},"end":{"line":18,"column":59}},{"start":{"line":18,"column":63},"end":{"line":18,"column":83}}],"line":18},"4":{"loc":{"start":{"line":23,"column":21},"end":{"line":23,"column":35}},"type":"binary-expr","locations":[{"start":{"line":23,"column":21},"end":{"line":23,"column":29}},{"start":{"line":23,"column":33},"end":{"line":23,"column":35}}],"line":23},"5":{"loc":{"start":{"line":24,"column":2},"end":{"line":24,"column":93}},"type":"if","locations":[{"start":{"line":24,"column":2},"end":{"line":24,"column":93}},{"start":{},"end":{}}],"line":24},"6":{"loc":{"start":{"line":29,"column":15},"end":{"line":29,"column":32}},"type":"binary-expr","locations":[{"start":{"line":29,"column":15},"end":{"line":29,"column":25}},{"start":{"line":29,"column":29},"end":{"line":29,"column":32}}],"line":29},"7":{"loc":{"start":{"line":29,"column":48},"end":{"line":29,"column":83}},"type":"binary-expr","locations":[{"start":{"line":29,"column":48},"end":{"line":29,"column":59}},{"start":{"line":29,"column":63},"end":{"line":29,"column":83}}],"line":29},"8":{"loc":{"start":{"line":38,"column":15},"end":{"line":38,"column":32}},"type":"binary-expr","locations":[{"start":{"line":38,"column":15},"end":{"line":38,"column":25}},{"start":{"line":38,"column":29},"end":{"line":38,"column":32}}],"line":38},"9":{"loc":{"start":{"line":38,"column":48},"end":{"line":38,"column":83}},"type":"binary-expr","locations":[{"start":{"line":38,"column":48},"end":{"line":38,"column":59}},{"start":{"line":38,"column":63},"end":{"line":38,"column":83}}],"line":38},"10":{"loc":{"start":{"line":47,"column":15},"end":{"line":47,"column":32}},"type":"binary-expr","locations":[{"start":{"line":47,"column":15},"end":{"line":47,"column":25}},{"start":{"line":47,"column":29},"end":{"line":47,"column":32}}],"line":47},"11":{"loc":{"start":{"line":47,"column":48},"end":{"line":47,"column":83}},"type":"binary-expr","locations":[{"start":{"line":47,"column":48},"end":{"line":47,"column":59}},{"start":{"line":47,"column":63},"end":{"line":47,"column":83}}],"line":47},"12":{"loc":{"start":{"line":56,"column":15},"end":{"line":56,"column":32}},"type":"binary-expr","locations":[{"start":{"line":56,"column":15},"end":{"line":56,"column":25}},{"start":{"line":56,"column":29},"end":{"line":56,"column":32}}],"line":56},"13":{"loc":{"start":{"line":56,"column":48},"end":{"line":56,"column":83}},"type":"binary-expr","locations":[{"start":{"line":56,"column":48},"end":{"line":56,"column":59}},{"start":{"line":56,"column":63},"end":{"line":56,"column":83}}],"line":56}},"s":{"0":13,"1":0,"2":0,"3":0,"4":0,"5":0,"6":0,"7":0,"8":0,"9":0,"10":0,"11":0,"12":0,"13":0,"14":0,"15":0,"16":0,"17":0,"18":0,"19":0,"20":0,"21":0,"22":0,"23":0,"24":0,"25":0,"26":0,"27":0,"28":0,"29":13},"f":{"0":0,"1":0,"2":0,"3":0,"4":0,"5":0},"b":{"0":[0,0],"1":[0,0],"2":[0,0],"3":[0,0],"4":[0,0],"5":[0,0],"6":[0,0],"7":[0,0],"8":[0,0],"9":[0,0],"10":[0,0],"11":[0,0],"12":[0,0],"13":[0,0]},"_coverageSchema":"1a1c01bbd47fc00a2c39e90264f33305004495a9","hash":"e4dc4ddb1be6cf25cb58fd28fe1f04527caff947"}
,"C:\\Users\\ASUS\\Desktop\\UTP\\Ciclo 7\\Integrador 1\\Integrador\\src\\controllers\\authController.js": {"path":"C:\\Users\\ASUS\\Desktop\\UTP\\Ciclo 7\\Integrador 1\\Integrador\\src\\controllers\\authController.js","statementMap":{"0":{"start":{"line":1,"column":20},"end":{"line":1,"column":54}},"1":{"start":{"line":4,"column":33},"end":{"line":4,"column":47}},"2":{"start":{"line":5,"column":2},"end":{"line":5,"column":91}},"3":{"start":{"line":5,"column":30},"end":{"line":5,"column":91}},"4":{"start":{"line":6,"column":2},"end":{"line":12,"column":3}},"5":{"start":{"line":7,"column":17},"end":{"line":7,"column":60}},"6":{"start":{"line":8,"column":4},"end":{"line":8,"column":19}},"7":{"start":{"line":10,"column":4},"end":{"line":10,"column":47}},"8":{"start":{"line":11,"column":4},"end":{"line":11,"column":87}},"9":{"start":{"line":16,"column":40},"end":{"line":16,"column":54}},"10":{"start":{"line":17,"column":2},"end":{"line":17,"column":101}},"11":{"start":{"line":17,"column":40},"end":{"line":17,"column":101}},"12":{"start":{"line":18,"column":2},"end":{"line":24,"column":3}},"13":{"start":{"line":19,"column":17},"end":{"line":19,"column":70}},"14":{"start":{"line":20,"column":4},"end":{"line":20,"column":19}},"15":{"start":{"line":22,"column":4},"end":{"line":22,"column":50}},"16":{"start":{"line":23,"column":4},"end":{"line":23,"column":87}},"17":{"start":{"line":28,"column":51},"end":{"line":28,"column":65}},"18":{"start":{"line":29,"column":2},"end":{"line":29,"column":112}},"19":{"start":{"line":29,"column":51},"end":{"line":29,"column":112}},"20":{"start":{"line":30,"column":2},"end":{"line":36,"column":3}},"21":{"start":{"line":31,"column":4},"end":{"line":31,"column":75}},"22":{"start":{"line":32,"column":4},"end":{"line":32,"column":27}},"23":{"start":{"line":34,"column":4},"end":{"line":34,"column":57}},"24":{"start":{"line":35,"column":4},"end":{"line":35,"column":87}},"25":{"start":{"line":40,"column":34},"end":{"line":40,"column":48}},"26":{"start":{"line":41,"column":2},"end":{"line":41,"column":92}},"27":{"start":{"line":41,"column":31},"end":{"line":41,"column":92}},"28":{"start":{"line":42,"column":2},"end":{"line":48,"column":3}},"29":{"start":{"line":43,"column":4},"end":{"line":43,"column":57}},"30":{"start":{"line":44,"column":4},"end":{"line":44,"column":27}},"31":{"start":{"line":46,"column":4},"end":{"line":46,"column":56}},"32":{"start":{"line":47,"column":4},"end":{"line":47,"column":87}},"33":{"start":{"line":52,"column":17},"end":{"line":52,"column":41}},"34":{"start":{"line":53,"column":2},"end":{"line":53,"column":71}},"35":{"start":{"line":53,"column":15},"end":{"line":53,"column":71}},"36":{"start":{"line":54,"column":23},"end":{"line":54,"column":37}},"37":{"start":{"line":55,"column":2},"end":{"line":55,"column":100}},"38":{"start":{"line":55,"column":17},"end":{"line":55,"column":100}},"39":{"start":{"line":56,"column":2},"end":{"line":62,"column":3}},"40":{"start":{"line":57,"column":4},"end":{"line":57,"column":54}},"41":{"start":{"line":58,"column":4},"end":{"line":58,"column":27}},"42":{"start":{"line":60,"column":4},"end":{"line":60,"column":56}},"43":{"start":{"line":61,"column":4},"end":{"line":61,"column":87}},"44":{"start":{"line":66,"column":40},"end":{"line":66,"column":54}},"45":{"start":{"line":67,"column":2},"end":{"line":67,"column":101}},"46":{"start":{"line":67,"column":40},"end":{"line":67,"column":101}},"47":{"start":{"line":68,"column":2},"end":{"line":74,"column":3}},"48":{"start":{"line":69,"column":4},"end":{"line":69,"column":66}},"49":{"start":{"line":70,"column":4},"end":{"line":70,"column":27}},"50":{"start":{"line":72,"column":4},"end":{"line":72,"column":60}},"51":{"start":{"line":73,"column":4},"end":{"line":73,"column":96}},"52":{"start":{"line":78,"column":26},"end":{"line":78,"column":40}},"53":{"start":{"line":79,"column":2},"end":{"line":79,"column":84}},"54":{"start":{"line":79,"column":23},"end":{"line":79,"column":84}},"55":{"start":{"line":80,"column":2},"end":{"line":86,"column":3}},"56":{"start":{"line":81,"column":17},"end":{"line":81,"column":65}},"57":{"start":{"line":82,"column":4},"end":{"line":82,"column":19}},"58":{"start":{"line":84,"column":4},"end":{"line":84,"column":62}},"59":{"start":{"line":85,"column":4},"end":{"line":85,"column":97}},"60":{"start":{"line":90,"column":20},"end":{"line":90,"column":34}},"61":{"start":{"line":91,"column":2},"end":{"line":91,"column":75}},"62":{"start":{"line":91,"column":14},"end":{"line":91,"column":75}},"63":{"start":{"line":92,"column":2},"end":{"line":98,"column":3}},"64":{"start":{"line":93,"column":4},"end":{"line":93,"column":46}},"65":{"start":{"line":94,"column":4},"end":{"line":94,"column":27}},"66":{"start":{"line":96,"column":4},"end":{"line":96,"column":60}},"67":{"start":{"line":97,"column":4},"end":{"line":97,"column":96}},"68":{"start":{"line":102,"column":26},"end":{"line":102,"column":40}},"69":{"start":{"line":103,"column":2},"end":{"line":103,"column":84}},"70":{"start":{"line":103,"column":23},"end":{"line":103,"column":84}},"71":{"start":{"line":104,"column":2},"end":{"line":110,"column":3}},"72":{"start":{"line":105,"column":19},"end":{"line":105,"column":68}},"73":{"start":{"line":106,"column":4},"end":{"line":106,"column":21}},"74":{"start":{"line":108,"column":4},"end":{"line":108,"column":62}},"75":{"start":{"line":109,"column":4},"end":{"line":109,"column":97}},"76":{"start":{"line":113,"column":0},"end":{"line":116,"column":2}}},"fnMap":{"0":{"name":"login","decl":{"start":{"line":3,"column":15},"end":{"line":3,"column":20}},"loc":{"start":{"line":3,"column":31},"end":{"line":13,"column":1}},"line":3},"1":{"name":"register","decl":{"start":{"line":15,"column":15},"end":{"line":15,"column":23}},"loc":{"start":{"line":15,"column":34},"end":{"line":25,"column":1}},"line":15},"2":{"name":"changePassword","decl":{"start":{"line":27,"column":15},"end":{"line":27,"column":29}},"loc":{"start":{"line":27,"column":40},"end":{"line":37,"column":1}},"line":27},"3":{"name":"resetPassword","decl":{"start":{"line":39,"column":15},"end":{"line":39,"column":28}},"loc":{"start":{"line":39,"column":39},"end":{"line":49,"column":1}},"line":39},"4":{"name":"deleteAccount","decl":{"start":{"line":51,"column":15},"end":{"line":51,"column":28}},"loc":{"start":{"line":51,"column":39},"end":{"line":63,"column":1}},"line":51},"5":{"name":"sendRegisterCode","decl":{"start":{"line":65,"column":15},"end":{"line":65,"column":31}},"loc":{"start":{"line":65,"column":42},"end":{"line":75,"column":1}},"line":65},"6":{"name":"verifyRegisterCode","decl":{"start":{"line":77,"column":15},"end":{"line":77,"column":33}},"loc":{"start":{"line":77,"column":44},"end":{"line":87,"column":1}},"line":77},"7":{"name":"sendRecoveryCode","decl":{"start":{"line":89,"column":15},"end":{"line":89,"column":31}},"loc":{"start":{"line":89,"column":42},"end":{"line":99,"column":1}},"line":89},"8":{"name":"verifyRecoveryCode","decl":{"start":{"line":101,"column":15},"end":{"line":101,"column":33}},"loc":{"start":{"line":101,"column":44},"end":{"line":111,"column":1}},"line":101}},"branchMap":{"0":{"loc":{"start":{"line":4,"column":33},"end":{"line":4,"column":47}},"type":"binary-expr","locations":[{"start":{"line":4,"column":33},"end":{"line":4,"column":41}},{"start":{"line":4,"column":45},"end":{"line":4,"column":47}}],"line":4},"1":{"loc":{"start":{"line":5,"column":2},"end":{"line":5,"column":91}},"type":"if","locations":[{"start":{"line":5,"column":2},"end":{"line":5,"column":91}},{"start":{},"end":{}}],"line":5},"2":{"loc":{"start":{"line":5,"column":6},"end":{"line":5,"column":28}},"type":"binary-expr","locations":[{"start":{"line":5,"column":6},"end":{"line":5,"column":15}},{"start":{"line":5,"column":19},"end":{"line":5,"column":28}}],"line":5},"3":{"loc":{"start":{"line":11,"column":15},"end":{"line":11,"column":32}},"type":"binary-expr","locations":[{"start":{"line":11,"column":15},"end":{"line":11,"column":25}},{"start":{"line":11,"column":29},"end":{"line":11,"column":32}}],"line":11},"4":{"loc":{"start":{"line":11,"column":48},"end":{"line":11,"column":83}},"type":"binary-expr","locations":[{"start":{"line":11,"column":48},"end":{"line":11,"column":59}},{"start":{"line":11,"column":63},"end":{"line":11,"column":83}}],"line":11},"5":{"loc":{"start":{"line":16,"column":40},"end":{"line":16,"column":54}},"type":"binary-expr","locations":[{"start":{"line":16,"column":40},"end":{"line":16,"column":48}},{"start":{"line":16,"column":52},"end":{"line":16,"column":54}}],"line":16},"6":{"loc":{"start":{"line":17,"column":2},"end":{"line":17,"column":101}},"type":"if","locations":[{"start":{"line":17,"column":2},"end":{"line":17,"column":101}},{"start":{},"end":{}}],"line":17},"7":{"loc":{"start":{"line":17,"column":6},"end":{"line":17,"column":38}},"type":"binary-expr","locations":[{"start":{"line":17,"column":6},"end":{"line":17,"column":15}},{"start":{"line":17,"column":19},"end":{"line":17,"column":25}},{"start":{"line":17,"column":29},"end":{"line":17,"column":38}}],"line":17},"8":{"loc":{"start":{"line":23,"column":15},"end":{"line":23,"column":32}},"type":"binary-expr","locations":[{"start":{"line":23,"column":15},"end":{"line":23,"column":25}},{"start":{"line":23,"column":29},"end":{"line":23,"column":32}}],"line":23},"9":{"loc":{"start":{"line":23,"column":48},"end":{"line":23,"column":83}},"type":"binary-expr","locations":[{"start":{"line":23,"column":48},"end":{"line":23,"column":59}},{"start":{"line":23,"column":63},"end":{"line":23,"column":83}}],"line":23},"10":{"loc":{"start":{"line":28,"column":51},"end":{"line":28,"column":65}},"type":"binary-expr","locations":[{"start":{"line":28,"column":51},"end":{"line":28,"column":59}},{"start":{"line":28,"column":63},"end":{"line":28,"column":65}}],"line":28},"11":{"loc":{"start":{"line":29,"column":2},"end":{"line":29,"column":112}},"type":"if","locations":[{"start":{"line":29,"column":2},"end":{"line":29,"column":112}},{"start":{},"end":{}}],"line":29},"12":{"loc":{"start":{"line":29,"column":6},"end":{"line":29,"column":49}},"type":"binary-expr","locations":[{"start":{"line":29,"column":6},"end":{"line":29,"column":13}},{"start":{"line":29,"column":17},"end":{"line":29,"column":33}},{"start":{"line":29,"column":37},"end":{"line":29,"column":49}}],"line":29},"13":{"loc":{"start":{"line":35,"column":15},"end":{"line":35,"column":32}},"type":"binary-expr","locations":[{"start":{"line":35,"column":15},"end":{"line":35,"column":25}},{"start":{"line":35,"column":29},"end":{"line":35,"column":32}}],"line":35},"14":{"loc":{"start":{"line":35,"column":48},"end":{"line":35,"column":83}},"type":"binary-expr","locations":[{"start":{"line":35,"column":48},"end":{"line":35,"column":59}},{"start":{"line":35,"column":63},"end":{"line":35,"column":83}}],"line":35},"15":{"loc":{"start":{"line":40,"column":34},"end":{"line":40,"column":48}},"type":"binary-expr","locations":[{"start":{"line":40,"column":34},"end":{"line":40,"column":42}},{"start":{"line":40,"column":46},"end":{"line":40,"column":48}}],"line":40},"16":{"loc":{"start":{"line":41,"column":2},"end":{"line":41,"column":92}},"type":"if","locations":[{"start":{"line":41,"column":2},"end":{"line":41,"column":92}},{"start":{},"end":{}}],"line":41},"17":{"loc":{"start":{"line":41,"column":6},"end":{"line":41,"column":29}},"type":"binary-expr","locations":[{"start":{"line":41,"column":6},"end":{"line":41,"column":13}},{"start":{"line":41,"column":17},"end":{"line":41,"column":29}}],"line":41},"18":{"loc":{"start":{"line":47,"column":15},"end":{"line":47,"column":32}},"type":"binary-expr","locations":[{"start":{"line":47,"column":15},"end":{"line":47,"column":25}},{"start":{"line":47,"column":29},"end":{"line":47,"column":32}}],"line":47},"19":{"loc":{"start":{"line":47,"column":48},"end":{"line":47,"column":83}},"type":"binary-expr","locations":[{"start":{"line":47,"column":48},"end":{"line":47,"column":59}},{"start":{"line":47,"column":63},"end":{"line":47,"column":83}}],"line":47},"20":{"loc":{"start":{"line":53,"column":2},"end":{"line":53,"column":71}},"type":"if","locations":[{"start":{"line":53,"column":2},"end":{"line":53,"column":71}},{"start":{},"end":{}}],"line":53},"21":{"loc":{"start":{"line":54,"column":23},"end":{"line":54,"column":37}},"type":"binary-expr","locations":[{"start":{"line":54,"column":23},"end":{"line":54,"column":31}},{"start":{"line":54,"column":35},"end":{"line":54,"column":37}}],"line":54},"22":{"loc":{"start":{"line":55,"column":2},"end":{"line":55,"column":100}},"type":"if","locations":[{"start":{"line":55,"column":2},"end":{"line":55,"column":100}},{"start":{},"end":{}}],"line":55},"23":{"loc":{"start":{"line":61,"column":15},"end":{"line":61,"column":32}},"type":"binary-expr","locations":[{"start":{"line":61,"column":15},"end":{"line":61,"column":25}},{"start":{"line":61,"column":29},"end":{"line":61,"column":32}}],"line":61},"24":{"loc":{"start":{"line":61,"column":48},"end":{"line":61,"column":83}},"type":"binary-expr","locations":[{"start":{"line":61,"column":48},"end":{"line":61,"column":59}},{"start":{"line":61,"column":63},"end":{"line":61,"column":83}}],"line":61},"25":{"loc":{"start":{"line":66,"column":40},"end":{"line":66,"column":54}},"type":"binary-expr","locations":[{"start":{"line":66,"column":40},"end":{"line":66,"column":48}},{"start":{"line":66,"column":52},"end":{"line":66,"column":54}}],"line":66},"26":{"loc":{"start":{"line":67,"column":2},"end":{"line":67,"column":101}},"type":"if","locations":[{"start":{"line":67,"column":2},"end":{"line":67,"column":101}},{"start":{},"end":{}}],"line":67},"27":{"loc":{"start":{"line":67,"column":6},"end":{"line":67,"column":38}},"type":"binary-expr","locations":[{"start":{"line":67,"column":6},"end":{"line":67,"column":15}},{"start":{"line":67,"column":19},"end":{"line":67,"column":25}},{"start":{"line":67,"column":29},"end":{"line":67,"column":38}}],"line":67},"28":{"loc":{"start":{"line":73,"column":15},"end":{"line":73,"column":32}},"type":"binary-expr","locations":[{"start":{"line":73,"column":15},"end":{"line":73,"column":25}},{"start":{"line":73,"column":29},"end":{"line":73,"column":32}}],"line":73},"29":{"loc":{"start":{"line":73,"column":48},"end":{"line":73,"column":92}},"type":"binary-expr","locations":[{"start":{"line":73,"column":48},"end":{"line":73,"column":59}},{"start":{"line":73,"column":63},"end":{"line":73,"column":92}}],"line":73},"30":{"loc":{"start":{"line":78,"column":26},"end":{"line":78,"column":40}},"type":"binary-expr","locations":[{"start":{"line":78,"column":26},"end":{"line":78,"column":34}},{"start":{"line":78,"column":38},"end":{"line":78,"column":40}}],"line":78},"31":{"loc":{"start":{"line":79,"column":2},"end":{"line":79,"column":84}},"type":"if","locations":[{"start":{"line":79,"column":2},"end":{"line":79,"column":84}},{"start":{},"end":{}}],"line":79},"32":{"loc":{"start":{"line":79,"column":6},"end":{"line":79,"column":21}},"type":"binary-expr","locations":[{"start":{"line":79,"column":6},"end":{"line":79,"column":12}},{"start":{"line":79,"column":16},"end":{"line":79,"column":21}}],"line":79},"33":{"loc":{"start":{"line":85,"column":15},"end":{"line":85,"column":32}},"type":"binary-expr","locations":[{"start":{"line":85,"column":15},"end":{"line":85,"column":25}},{"start":{"line":85,"column":29},"end":{"line":85,"column":32}}],"line":85},"34":{"loc":{"start":{"line":85,"column":48},"end":{"line":85,"column":93}},"type":"binary-expr","locations":[{"start":{"line":85,"column":48},"end":{"line":85,"column":59}},{"start":{"line":85,"column":63},"end":{"line":85,"column":93}}],"line":85},"35":{"loc":{"start":{"line":90,"column":20},"end":{"line":90,"column":34}},"type":"binary-expr","locations":[{"start":{"line":90,"column":20},"end":{"line":90,"column":28}},{"start":{"line":90,"column":32},"end":{"line":90,"column":34}}],"line":90},"36":{"loc":{"start":{"line":91,"column":2},"end":{"line":91,"column":75}},"type":"if","locations":[{"start":{"line":91,"column":2},"end":{"line":91,"column":75}},{"start":{},"end":{}}],"line":91},"37":{"loc":{"start":{"line":97,"column":15},"end":{"line":97,"column":32}},"type":"binary-expr","locations":[{"start":{"line":97,"column":15},"end":{"line":97,"column":25}},{"start":{"line":97,"column":29},"end":{"line":97,"column":32}}],"line":97},"38":{"loc":{"start":{"line":97,"column":48},"end":{"line":97,"column":92}},"type":"binary-expr","locations":[{"start":{"line":97,"column":48},"end":{"line":97,"column":59}},{"start":{"line":97,"column":63},"end":{"line":97,"column":92}}],"line":97},"39":{"loc":{"start":{"line":102,"column":26},"end":{"line":102,"column":40}},"type":"binary-expr","locations":[{"start":{"line":102,"column":26},"end":{"line":102,"column":34}},{"start":{"line":102,"column":38},"end":{"line":102,"column":40}}],"line":102},"40":{"loc":{"start":{"line":103,"column":2},"end":{"line":103,"column":84}},"type":"if","locations":[{"start":{"line":103,"column":2},"end":{"line":103,"column":84}},{"start":{},"end":{}}],"line":103},"41":{"loc":{"start":{"line":103,"column":6},"end":{"line":103,"column":21}},"type":"binary-expr","locations":[{"start":{"line":103,"column":6},"end":{"line":103,"column":12}},{"start":{"line":103,"column":16},"end":{"line":103,"column":21}}],"line":103},"42":{"loc":{"start":{"line":109,"column":15},"end":{"line":109,"column":32}},"type":"binary-expr","locations":[{"start":{"line":109,"column":15},"end":{"line":109,"column":25}},{"start":{"line":109,"column":29},"end":{"line":109,"column":32}}],"line":109},"43":{"loc":{"start":{"line":109,"column":48},"end":{"line":109,"column":93}},"type":"binary-expr","locations":[{"start":{"line":109,"column":48},"end":{"line":109,"column":59}},{"start":{"line":109,"column":63},"end":{"line":109,"column":93}}],"line":109}},"s":{"0":13,"1":5,"2":5,"3":0,"4":5,"5":5,"6":1,"7":4,"8":4,"9":0,"10":0,"11":0,"12":0,"13":0,"14":0,"15":0,"16":0,"17":0,"18":0,"19":0,"20":0,"21":0,"22":0,"23":0,"24":0,"25":0,"26":0,"27":0,"28":0,"29":0,"30":0,"31":0,"32":0,"33":0,"34":0,"35":0,"36":0,"37":0,"38":0,"39":0,"40":0,"41":0,"42":0,"43":0,"44":4,"45":4,"46":0,"47":4,"48":4,"49":2,"50":2,"51":2,"52":2,"53":2,"54":0,"55":2,"56":2,"57":1,"58":1,"59":1,"60":0,"61":0,"62":0,"63":0,"64":0,"65":0,"66":0,"67":0,"68":0,"69":0,"70":0,"71":0,"72":0,"73":0,"74":0,"75":0,"76":13},"f":{"0":5,"1":0,"2":0,"3":0,"4":0,"5":4,"6":2,"7":0,"8":0},"b":{"0":[5,0],"1":[0,5],"2":[5,5],"3":[4,0],"4":[4,0],"5":[0,0],"6":[0,0],"7":[0,0,0],"8":[0,0],"9":[0,0],"10":[0,0],"11":[0,0],"12":[0,0,0],"13":[0,0],"14":[0,0],"15":[0,0],"16":[0,0],"17":[0,0],"18":[0,0],"19":[0,0],"20":[0,0],"21":[0,0],"22":[0,0],"23":[0,0],"24":[0,0],"25":[4,0],"26":[0,4],"27":[4,4,4],"28":[2,0],"29":[2,0],"30":[2,0],"31":[0,2],"32":[2,2],"33":[1,0],"34":[1,0],"35":[0,0],"36":[0,0],"37":[0,0],"38":[0,0],"39":[0,0],"40":[0,0],"41":[0,0],"42":[0,0],"43":[0,0]},"_coverageSchema":"1a1c01bbd47fc00a2c39e90264f33305004495a9","hash":"6f610151ea6cfeeb98d62adb9c7bcaa498d14fc5"}
,"C:\\Users\\ASUS\\Desktop\\UTP\\Ciclo 7\\Integrador 1\\Integrador\\src\\controllers\\dbController.js": {"path":"C:\\Users\\ASUS\\Desktop\\UTP\\Ciclo 7\\Integrador 1\\Integrador\\src\\controllers\\dbController.js","statementMap":{"0":{"start":{"line":1,"column":22},"end":{"line":1,"column":58}},"1":{"start":{"line":4,"column":17},"end":{"line":4,"column":49}},"2":{"start":{"line":5,"column":2},"end":{"line":11,"column":3}},"3":{"start":{"line":6,"column":17},"end":{"line":6,"column":51}},"4":{"start":{"line":7,"column":4},"end":{"line":7,"column":19}},"5":{"start":{"line":9,"column":4},"end":{"line":9,"column":55}},"6":{"start":{"line":10,"column":4},"end":{"line":10,"column":70}},"7":{"start":{"line":15,"column":17},"end":{"line":15,"column":41}},"8":{"start":{"line":16,"column":2},"end":{"line":16,"column":71}},"9":{"start":{"line":16,"column":15},"end":{"line":16,"column":71}},"10":{"start":{"line":17,"column":15},"end":{"line":17,"column":23}},"11":{"start":{"line":18,"column":2},"end":{"line":19,"column":75}},"12":{"start":{"line":19,"column":4},"end":{"line":19,"column":75}},"13":{"start":{"line":20,"column":2},"end":{"line":26,"column":3}},"14":{"start":{"line":21,"column":4},"end":{"line":21,"column":46}},"15":{"start":{"line":22,"column":4},"end":{"line":22,"column":27}},"16":{"start":{"line":24,"column":4},"end":{"line":24,"column":60}},"17":{"start":{"line":25,"column":4},"end":{"line":25,"column":75}},"18":{"start":{"line":29,"column":0},"end":{"line":29,"column":34}}},"fnMap":{"0":{"name":"getDb","decl":{"start":{"line":3,"column":15},"end":{"line":3,"column":20}},"loc":{"start":{"line":3,"column":31},"end":{"line":12,"column":1}},"line":3},"1":{"name":"putDb","decl":{"start":{"line":14,"column":15},"end":{"line":14,"column":20}},"loc":{"start":{"line":14,"column":31},"end":{"line":27,"column":1}},"line":14}},"branchMap":{"0":{"loc":{"start":{"line":4,"column":17},"end":{"line":4,"column":49}},"type":"binary-expr","locations":[{"start":{"line":4,"column":17},"end":{"line":4,"column":41}},{"start":{"line":4,"column":45},"end":{"line":4,"column":49}}],"line":4},"1":{"loc":{"start":{"line":16,"column":2},"end":{"line":16,"column":71}},"type":"if","locations":[{"start":{"line":16,"column":2},"end":{"line":16,"column":71}},{"start":{},"end":{}}],"line":16},"2":{"loc":{"start":{"line":18,"column":2},"end":{"line":19,"column":75}},"type":"if","locations":[{"start":{"line":18,"column":2},"end":{"line":19,"column":75}},{"start":{},"end":{}}],"line":18},"3":{"loc":{"start":{"line":18,"column":6},"end":{"line":18,"column":62}},"type":"binary-expr","locations":[{"start":{"line":18,"column":6},"end":{"line":18,"column":11}},{"start":{"line":18,"column":15},"end":{"line":18,"column":39}},{"start":{"line":18,"column":43},"end":{"line":18,"column":62}}],"line":18}},"s":{"0":13,"1":10,"2":10,"3":10,"4":10,"5":0,"6":0,"7":9,"8":9,"9":0,"10":9,"11":9,"12":0,"13":9,"14":9,"15":9,"16":0,"17":0,"18":13},"f":{"0":10,"1":9},"b":{"0":[10,0],"1":[0,9],"2":[0,9],"3":[9,9,9]},"_coverageSchema":"1a1c01bbd47fc00a2c39e90264f33305004495a9","hash":"cfecab678ea1629ddea9e15c37cd605201877ff0"}
,"C:\\Users\\ASUS\\Desktop\\UTP\\Ciclo 7\\Integrador 1\\Integrador\\src\\controllers\\emailController.js": {"path":"C:\\Users\\ASUS\\Desktop\\UTP\\Ciclo 7\\Integrador 1\\Integrador\\src\\controllers\\emailController.js","statementMap":{"0":{"start":{"line":1,"column":21},"end":{"line":1,"column":56}},"1":{"start":{"line":4,"column":52},"end":{"line":4,"column":66}},"2":{"start":{"line":5,"column":2},"end":{"line":6,"column":65}},"3":{"start":{"line":6,"column":4},"end":{"line":6,"column":65}},"4":{"start":{"line":7,"column":2},"end":{"line":13,"column":3}},"5":{"start":{"line":8,"column":4},"end":{"line":8,"column":85}},"6":{"start":{"line":9,"column":4},"end":{"line":9,"column":27}},"7":{"start":{"line":11,"column":4},"end":{"line":11,"column":55}},"8":{"start":{"line":12,"column":4},"end":{"line":12,"column":117}},"9":{"start":{"line":17,"column":28},"end":{"line":17,"column":42}},"10":{"start":{"line":18,"column":2},"end":{"line":18,"column":86}},"11":{"start":{"line":18,"column":25},"end":{"line":18,"column":86}},"12":{"start":{"line":19,"column":2},"end":{"line":25,"column":3}},"13":{"start":{"line":20,"column":4},"end":{"line":20,"column":59}},"14":{"start":{"line":21,"column":4},"end":{"line":21,"column":27}},"15":{"start":{"line":23,"column":4},"end":{"line":23,"column":56}},"16":{"start":{"line":24,"column":4},"end":{"line":24,"column":116}},"17":{"start":{"line":28,"column":0},"end":{"line":28,"column":43}}},"fnMap":{"0":{"name":"sendContact","decl":{"start":{"line":3,"column":15},"end":{"line":3,"column":26}},"loc":{"start":{"line":3,"column":37},"end":{"line":14,"column":1}},"line":3},"1":{"name":"sendCode","decl":{"start":{"line":16,"column":15},"end":{"line":16,"column":23}},"loc":{"start":{"line":16,"column":34},"end":{"line":26,"column":1}},"line":16}},"branchMap":{"0":{"loc":{"start":{"line":4,"column":52},"end":{"line":4,"column":66}},"type":"binary-expr","locations":[{"start":{"line":4,"column":52},"end":{"line":4,"column":60}},{"start":{"line":4,"column":64},"end":{"line":4,"column":66}}],"line":4},"1":{"loc":{"start":{"line":5,"column":2},"end":{"line":6,"column":65}},"type":"if","locations":[{"start":{"line":5,"column":2},"end":{"line":6,"column":65}},{"start":{},"end":{}}],"line":5},"2":{"loc":{"start":{"line":5,"column":6},"end":{"line":5,"column":53}},"type":"binary-expr","locations":[{"start":{"line":5,"column":6},"end":{"line":5,"column":15}},{"start":{"line":5,"column":19},"end":{"line":5,"column":29}},{"start":{"line":5,"column":33},"end":{"line":5,"column":41}},{"start":{"line":5,"column":45},"end":{"line":5,"column":53}}],"line":5},"3":{"loc":{"start":{"line":12,"column":15},"end":{"line":12,"column":32}},"type":"binary-expr","locations":[{"start":{"line":12,"column":15},"end":{"line":12,"column":25}},{"start":{"line":12,"column":29},"end":{"line":12,"column":32}}],"line":12},"4":{"loc":{"start":{"line":12,"column":48},"end":{"line":12,"column":113}},"type":"binary-expr","locations":[{"start":{"line":12,"column":48},"end":{"line":12,"column":59}},{"start":{"line":12,"column":63},"end":{"line":12,"column":113}}],"line":12},"5":{"loc":{"start":{"line":17,"column":28},"end":{"line":17,"column":42}},"type":"binary-expr","locations":[{"start":{"line":17,"column":28},"end":{"line":17,"column":36}},{"start":{"line":17,"column":40},"end":{"line":17,"column":42}}],"line":17},"6":{"loc":{"start":{"line":18,"column":2},"end":{"line":18,"column":86}},"type":"if","locations":[{"start":{"line":18,"column":2},"end":{"line":18,"column":86}},{"start":{},"end":{}}],"line":18},"7":{"loc":{"start":{"line":18,"column":6},"end":{"line":18,"column":23}},"type":"binary-expr","locations":[{"start":{"line":18,"column":6},"end":{"line":18,"column":14}},{"start":{"line":18,"column":18},"end":{"line":18,"column":23}}],"line":18},"8":{"loc":{"start":{"line":24,"column":15},"end":{"line":24,"column":32}},"type":"binary-expr","locations":[{"start":{"line":24,"column":15},"end":{"line":24,"column":25}},{"start":{"line":24,"column":29},"end":{"line":24,"column":32}}],"line":24},"9":{"loc":{"start":{"line":24,"column":48},"end":{"line":24,"column":112}},"type":"binary-expr","locations":[{"start":{"line":24,"column":48},"end":{"line":24,"column":59}},{"start":{"line":24,"column":63},"end":{"line":24,"column":112}}],"line":24}},"s":{"0":13,"1":0,"2":0,"3":0,"4":0,"5":0,"6":0,"7":0,"8":0,"9":0,"10":0,"11":0,"12":0,"13":0,"14":0,"15":0,"16":0,"17":13},"f":{"0":0,"1":0},"b":{"0":[0,0],"1":[0,0],"2":[0,0,0,0],"3":[0,0],"4":[0,0],"5":[0,0],"6":[0,0],"7":[0,0],"8":[0,0],"9":[0,0]},"_coverageSchema":"1a1c01bbd47fc00a2c39e90264f33305004495a9","hash":"492356456537b24252191769dcc5c62a8687043c"}
,"C:\\Users\\ASUS\\Desktop\\UTP\\Ciclo 7\\Integrador 1\\Integrador\\src\\controllers\\excelController.js": {"path":"C:\\Users\\ASUS\\Desktop\\UTP\\Ciclo 7\\Integrador 1\\Integrador\\src\\controllers\\excelController.js","statementMap":{"0":{"start":{"line":1,"column":21},"end":{"line":1,"column":56}},"1":{"start":{"line":4,"column":75},"end":{"line":4,"column":89}},"2":{"start":{"line":5,"column":2},"end":{"line":5,"column":92}},"3":{"start":{"line":5,"column":32},"end":{"line":5,"column":92}},"4":{"start":{"line":6,"column":2},"end":{"line":15,"column":3}},"5":{"start":{"line":7,"column":29},"end":{"line":7,"column":127}},"6":{"start":{"line":8,"column":4},"end":{"line":8,"column":103}},"7":{"start":{"line":9,"column":4},"end":{"line":9,"column":84}},"8":{"start":{"line":10,"column":4},"end":{"line":10,"column":29}},"9":{"start":{"line":11,"column":4},"end":{"line":11,"column":14}},"10":{"start":{"line":13,"column":4},"end":{"line":13,"column":54}},"11":{"start":{"line":14,"column":4},"end":{"line":14,"column":65}},"12":{"start":{"line":19,"column":25},"end":{"line":19,"column":39}},"13":{"start":{"line":20,"column":2},"end":{"line":20,"column":86}},"14":{"start":{"line":20,"column":19},"end":{"line":20,"column":86}},"15":{"start":{"line":21,"column":2},"end":{"line":27,"column":3}},"16":{"start":{"line":22,"column":18},"end":{"line":22,"column":64}},"17":{"start":{"line":23,"column":4},"end":{"line":23,"column":24}},"18":{"start":{"line":25,"column":4},"end":{"line":25,"column":54}},"19":{"start":{"line":26,"column":4},"end":{"line":26,"column":99}},"20":{"start":{"line":30,"column":0},"end":{"line":30,"column":46}}},"fnMap":{"0":{"name":"exportExcel","decl":{"start":{"line":3,"column":15},"end":{"line":3,"column":26}},"loc":{"start":{"line":3,"column":37},"end":{"line":16,"column":1}},"line":3},"1":{"name":"importExcel","decl":{"start":{"line":18,"column":15},"end":{"line":18,"column":26}},"loc":{"start":{"line":18,"column":37},"end":{"line":28,"column":1}},"line":18}},"branchMap":{"0":{"loc":{"start":{"line":4,"column":75},"end":{"line":4,"column":89}},"type":"binary-expr","locations":[{"start":{"line":4,"column":75},"end":{"line":4,"column":83}},{"start":{"line":4,"column":87},"end":{"line":4,"column":89}}],"line":4},"1":{"loc":{"start":{"line":5,"column":2},"end":{"line":5,"column":92}},"type":"if","locations":[{"start":{"line":5,"column":2},"end":{"line":5,"column":92}},{"start":{},"end":{}}],"line":5},"2":{"loc":{"start":{"line":5,"column":6},"end":{"line":5,"column":30}},"type":"binary-expr","locations":[{"start":{"line":5,"column":6},"end":{"line":5,"column":15}},{"start":{"line":5,"column":19},"end":{"line":5,"column":30}}],"line":5},"3":{"loc":{"start":{"line":19,"column":25},"end":{"line":19,"column":39}},"type":"binary-expr","locations":[{"start":{"line":19,"column":25},"end":{"line":19,"column":33}},{"start":{"line":19,"column":37},"end":{"line":19,"column":39}}],"line":19},"4":{"loc":{"start":{"line":20,"column":2},"end":{"line":20,"column":86}},"type":"if","locations":[{"start":{"line":20,"column":2},"end":{"line":20,"column":86}},{"start":{},"end":{}}],"line":20},"5":{"loc":{"start":{"line":26,"column":15},"end":{"line":26,"column":32}},"type":"binary-expr","locations":[{"start":{"line":26,"column":15},"end":{"line":26,"column":25}},{"start":{"line":26,"column":29},"end":{"line":26,"column":32}}],"line":26},"6":{"loc":{"start":{"line":26,"column":48},"end":{"line":26,"column":95}},"type":"binary-expr","locations":[{"start":{"line":26,"column":48},"end":{"line":26,"column":59}},{"start":{"line":26,"column":63},"end":{"line":26,"column":95}}],"line":26}},"s":{"0":13,"1":0,"2":0,"3":0,"4":0,"5":0,"6":0,"7":0,"8":0,"9":0,"10":0,"11":0,"12":4,"13":4,"14":1,"15":3,"16":3,"17":2,"18":1,"19":1,"20":13},"f":{"0":0,"1":4},"b":{"0":[0,0],"1":[0,0],"2":[0,0],"3":[4,0],"4":[1,3],"5":[1,0],"6":[1,0]},"_coverageSchema":"1a1c01bbd47fc00a2c39e90264f33305004495a9","hash":"a48b8c9e57e041669902b45a0830c1ba9362e206"}
,"C:\\Users\\ASUS\\Desktop\\UTP\\Ciclo 7\\Integrador 1\\Integrador\\src\\dao\\AdminDAO.js": {"path":"C:\\Users\\ASUS\\Desktop\\UTP\\Ciclo 7\\Integrador 1\\Integrador\\src\\dao\\AdminDAO.js","statementMap":{"0":{"start":{"line":1,"column":17},"end":{"line":44,"column":1}},"1":{"start":{"line":3,"column":22},"end":{"line":9,"column":6}},"2":{"start":{"line":10,"column":4},"end":{"line":10,"column":17}},"3":{"start":{"line":14,"column":19},"end":{"line":27,"column":6}},"4":{"start":{"line":28,"column":4},"end":{"line":28,"column":16}},"5":{"start":{"line":32,"column":19},"end":{"line":36,"column":6}},"6":{"start":{"line":37,"column":4},"end":{"line":37,"column":16}},"7":{"start":{"line":41,"column":19},"end":{"line":41,"column":82}},"8":{"start":{"line":42,"column":4},"end":{"line":42,"column":32}},"9":{"start":{"line":46,"column":0},"end":{"line":46,"column":26}}},"fnMap":{"0":{"name":"(anonymous_0)","decl":{"start":{"line":2,"column":2},"end":{"line":2,"column":3}},"loc":{"start":{"line":2,"column":29},"end":{"line":11,"column":3}},"line":2},"1":{"name":"(anonymous_1)","decl":{"start":{"line":13,"column":2},"end":{"line":13,"column":3}},"loc":{"start":{"line":13,"column":30},"end":{"line":29,"column":3}},"line":13},"2":{"name":"(anonymous_2)","decl":{"start":{"line":31,"column":2},"end":{"line":31,"column":3}},"loc":{"start":{"line":31,"column":26},"end":{"line":38,"column":3}},"line":31},"3":{"name":"(anonymous_3)","decl":{"start":{"line":40,"column":2},"end":{"line":40,"column":3}},"loc":{"start":{"line":40,"column":30},"end":{"line":43,"column":3}},"line":40}},"branchMap":{"0":{"loc":{"start":{"line":42,"column":11},"end":{"line":42,"column":31}},"type":"binary-expr","locations":[{"start":{"line":42,"column":11},"end":{"line":42,"column":23}},{"start":{"line":42,"column":27},"end":{"line":42,"column":31}}],"line":42}},"s":{"0":13,"1":0,"2":0,"3":0,"4":0,"5":0,"6":0,"7":0,"8":0,"9":13},"f":{"0":0,"1":0,"2":0,"3":0},"b":{"0":[0,0]},"_coverageSchema":"1a1c01bbd47fc00a2c39e90264f33305004495a9","hash":"728309077666d7828a1301f75f6f4cffb74fd885"}
,"C:\\Users\\ASUS\\Desktop\\UTP\\Ciclo 7\\Integrador 1\\Integrador\\src\\dao\\DbSyncDAO.js": {"path":"C:\\Users\\ASUS\\Desktop\\UTP\\Ciclo 7\\Integrador 1\\Integrador\\src\\dao\\DbSyncDAO.js","statementMap":{"0":{"start":{"line":7,"column":20},"end":{"line":7,"column":61}},"1":{"start":{"line":8,"column":21},"end":{"line":8,"column":23}},"2":{"start":{"line":9,"column":2},"end":{"line":9,"column":48}},"3":{"start":{"line":9,"column":27},"end":{"line":9,"column":48}},"4":{"start":{"line":11,"column":19},"end":{"line":13,"column":10}},"5":{"start":{"line":15,"column":19},"end":{"line":15,"column":40}},"6":{"start":{"line":15,"column":35},"end":{"line":15,"column":39}},"7":{"start":{"line":17,"column":25},"end":{"line":22,"column":10}},"8":{"start":{"line":24,"column":23},"end":{"line":24,"column":25}},"9":{"start":{"line":25,"column":2},"end":{"line":29,"column":3}},"10":{"start":{"line":26,"column":4},"end":{"line":26,"column":65}},"11":{"start":{"line":26,"column":35},"end":{"line":26,"column":65}},"12":{"start":{"line":27,"column":4},"end":{"line":27,"column":89}},"13":{"start":{"line":27,"column":47},"end":{"line":27,"column":89}},"14":{"start":{"line":28,"column":4},"end":{"line":28,"column":55}},"15":{"start":{"line":31,"column":20},"end":{"line":36,"column":5}},"16":{"start":{"line":31,"column":37},"end":{"line":36,"column":3}},"17":{"start":{"line":38,"column":22},"end":{"line":40,"column":10}},"18":{"start":{"line":42,"column":17},"end":{"line":42,"column":41}},"19":{"start":{"line":42,"column":36},"end":{"line":42,"column":40}},"20":{"start":{"line":44,"column":21},"end":{"line":49,"column":10}},"21":{"start":{"line":51,"column":28},"end":{"line":51,"column":30}},"22":{"start":{"line":52,"column":2},"end":{"line":55,"column":3}},"23":{"start":{"line":53,"column":4},"end":{"line":53,"column":79}},"24":{"start":{"line":53,"column":42},"end":{"line":53,"column":79}},"25":{"start":{"line":54,"column":4},"end":{"line":54,"column":44}},"26":{"start":{"line":57,"column":23},"end":{"line":57,"column":25}},"27":{"start":{"line":58,"column":2},"end":{"line":78,"column":3}},"28":{"start":{"line":59,"column":18},"end":{"line":59,"column":48}},"29":{"start":{"line":60,"column":4},"end":{"line":60,"column":69}},"30":{"start":{"line":60,"column":37},"end":{"line":60,"column":69}},"31":{"start":{"line":61,"column":18},"end":{"line":61,"column":49}},"32":{"start":{"line":63,"column":4},"end":{"line":65,"column":5}},"33":{"start":{"line":64,"column":6},"end":{"line":64,"column":81}},"34":{"start":{"line":64,"column":12},"end":{"line":64,"column":52}},"35":{"start":{"line":64,"column":63},"end":{"line":64,"column":79}},"36":{"start":{"line":66,"column":4},"end":{"line":66,"column":63}},"37":{"start":{"line":66,"column":19},"end":{"line":66,"column":63}},"38":{"start":{"line":67,"column":4},"end":{"line":77,"column":7}},"39":{"start":{"line":73,"column":30},"end":{"line":73,"column":35}},"40":{"start":{"line":74,"column":49},"end":{"line":74,"column":99}},"41":{"start":{"line":80,"column":25},"end":{"line":80,"column":69}},"42":{"start":{"line":80,"column":56},"end":{"line":80,"column":66}},"43":{"start":{"line":81,"column":20},"end":{"line":83,"column":10}},"44":{"start":{"line":85,"column":21},"end":{"line":85,"column":23}},"45":{"start":{"line":86,"column":2},"end":{"line":94,"column":3}},"46":{"start":{"line":87,"column":18},"end":{"line":87,"column":46}},"47":{"start":{"line":88,"column":18},"end":{"line":88,"column":49}},"48":{"start":{"line":89,"column":4},"end":{"line":89,"column":51}},"49":{"start":{"line":89,"column":28},"end":{"line":89,"column":51}},"50":{"start":{"line":90,"column":16},"end":{"line":90,"column":44}},"51":{"start":{"line":91,"column":4},"end":{"line":91,"column":55}},"52":{"start":{"line":91,"column":23},"end":{"line":91,"column":55}},"53":{"start":{"line":92,"column":4},"end":{"line":92,"column":42}},"54":{"start":{"line":92,"column":23},"end":{"line":92,"column":42}},"55":{"start":{"line":93,"column":4},"end":{"line":93,"column":32}},"56":{"start":{"line":96,"column":24},"end":{"line":106,"column":10}},"57":{"start":{"line":108,"column":25},"end":{"line":108,"column":27}},"58":{"start":{"line":109,"column":2},"end":{"line":117,"column":3}},"59":{"start":{"line":110,"column":18},"end":{"line":110,"column":49}},"60":{"start":{"line":111,"column":4},"end":{"line":111,"column":59}},"61":{"start":{"line":111,"column":32},"end":{"line":111,"column":59}},"62":{"start":{"line":112,"column":4},"end":{"line":116,"column":7}},"63":{"start":{"line":119,"column":18},"end":{"line":128,"column":10}},"64":{"start":{"line":130,"column":19},"end":{"line":130,"column":21}},"65":{"start":{"line":131,"column":2},"end":{"line":136,"column":3}},"66":{"start":{"line":132,"column":18},"end":{"line":132,"column":49}},"67":{"start":{"line":133,"column":4},"end":{"line":133,"column":47}},"68":{"start":{"line":133,"column":26},"end":{"line":133,"column":47}},"69":{"start":{"line":134,"column":4},"end":{"line":134,"column":73}},"70":{"start":{"line":134,"column":39},"end":{"line":134,"column":73}},"71":{"start":{"line":135,"column":4},"end":{"line":135,"column":58}},"72":{"start":{"line":138,"column":21},"end":{"line":140,"column":3}},"73":{"start":{"line":141,"column":22},"end":{"line":154,"column":4}},"74":{"start":{"line":142,"column":4},"end":{"line":142,"column":75}},"75":{"start":{"line":142,"column":17},"end":{"line":142,"column":75}},"76":{"start":{"line":143,"column":16},"end":{"line":151,"column":5}},"77":{"start":{"line":152,"column":4},"end":{"line":152,"column":35}},"78":{"start":{"line":152,"column":16},"end":{"line":152,"column":35}},"79":{"start":{"line":153,"column":4},"end":{"line":153,"column":15}},"80":{"start":{"line":156,"column":36},"end":{"line":159,"column":4}},"81":{"start":{"line":161,"column":2},"end":{"line":172,"column":4}},"82":{"start":{"line":169,"column":34},"end":{"line":169,"column":39}},"83":{"start":{"line":170,"column":37},"end":{"line":170,"column":45}},"84":{"start":{"line":176,"column":20},"end":{"line":176,"column":55}},"85":{"start":{"line":176,"column":50},"end":{"line":176,"column":54}},"86":{"start":{"line":178,"column":23},"end":{"line":183,"column":3}},"87":{"start":{"line":179,"column":4},"end":{"line":181,"column":5}},"88":{"start":{"line":180,"column":6},"end":{"line":180,"column":78}},"89":{"start":{"line":180,"column":38},"end":{"line":180,"column":78}},"90":{"start":{"line":182,"column":4},"end":{"line":182,"column":24}},"91":{"start":{"line":185,"column":2},"end":{"line":185,"column":32}},"92":{"start":{"line":186,"column":2},"end":{"line":369,"column":3}},"93":{"start":{"line":187,"column":29},"end":{"line":187,"column":101}},"94":{"start":{"line":188,"column":4},"end":{"line":206,"column":5}},"95":{"start":{"line":189,"column":23},"end":{"line":189,"column":52}},"96":{"start":{"line":189,"column":47},"end":{"line":189,"column":51}},"97":{"start":{"line":191,"column":29},"end":{"line":191,"column":107}},"98":{"start":{"line":192,"column":6},"end":{"line":203,"column":7}},"99":{"start":{"line":193,"column":23},"end":{"line":193,"column":50}},"100":{"start":{"line":193,"column":45},"end":{"line":193,"column":49}},"101":{"start":{"line":195,"column":31},"end":{"line":195,"column":111}},"102":{"start":{"line":196,"column":8},"end":{"line":200,"column":9}},"103":{"start":{"line":197,"column":25},"end":{"line":197,"column":52}},"104":{"start":{"line":197,"column":47},"end":{"line":197,"column":51}},"105":{"start":{"line":198,"column":10},"end":{"line":198,"column":91}},"106":{"start":{"line":199,"column":10},"end":{"line":199,"column":91}},"107":{"start":{"line":201,"column":8},"end":{"line":201,"column":92}},"108":{"start":{"line":202,"column":8},"end":{"line":202,"column":93}},"109":{"start":{"line":204,"column":6},"end":{"line":204,"column":91}},"110":{"start":{"line":205,"column":6},"end":{"line":205,"column":92}},"111":{"start":{"line":208,"column":30},"end":{"line":208,"column":39}},"112":{"start":{"line":209,"column":4},"end":{"line":219,"column":7}},"113":{"start":{"line":210,"column":6},"end":{"line":219,"column":7}},"114":{"start":{"line":211,"column":8},"end":{"line":211,"column":48}},"115":{"start":{"line":211,"column":39},"end":{"line":211,"column":48}},"116":{"start":{"line":212,"column":22},"end":{"line":212,"column":50}},"117":{"start":{"line":213,"column":8},"end":{"line":213,"column":51}},"118":{"start":{"line":213,"column":42},"end":{"line":213,"column":51}},"119":{"start":{"line":214,"column":8},"end":{"line":214,"column":37}},"120":{"start":{"line":215,"column":8},"end":{"line":218,"column":10}},"121":{"start":{"line":220,"column":4},"end":{"line":230,"column":5}},"122":{"start":{"line":221,"column":6},"end":{"line":221,"column":49}},"123":{"start":{"line":221,"column":40},"end":{"line":221,"column":49}},"124":{"start":{"line":222,"column":17},"end":{"line":222,"column":35}},"125":{"start":{"line":223,"column":6},"end":{"line":229,"column":7}},"126":{"start":{"line":224,"column":8},"end":{"line":224,"column":37}},"127":{"start":{"line":225,"column":8},"end":{"line":228,"column":10}},"128":{"start":{"line":232,"column":27},"end":{"line":232,"column":83}},"129":{"start":{"line":233,"column":24},"end":{"line":233,"column":26}},"130":{"start":{"line":234,"column":4},"end":{"line":234,"column":78}},"131":{"start":{"line":234,"column":34},"end":{"line":234,"column":78}},"132":{"start":{"line":236,"column":28},"end":{"line":236,"column":73}},"133":{"start":{"line":236,"column":57},"end":{"line":236,"column":72}},"134":{"start":{"line":237,"column":4},"end":{"line":247,"column":5}},"135":{"start":{"line":238,"column":6},"end":{"line":246,"column":8}},"136":{"start":{"line":249,"column":24},"end":{"line":249,"column":26}},"137":{"start":{"line":251,"column":4},"end":{"line":265,"column":5}},"138":{"start":{"line":252,"column":6},"end":{"line":255,"column":8}},"139":{"start":{"line":256,"column":6},"end":{"line":264,"column":7}},"140":{"start":{"line":257,"column":8},"end":{"line":263,"column":9}},"141":{"start":{"line":257,"column":21},"end":{"line":257,"column":22}},"142":{"start":{"line":258,"column":24},"end":{"line":261,"column":11}},"143":{"start":{"line":262,"column":10},"end":{"line":262,"column":60}},"144":{"start":{"line":267,"column":4},"end":{"line":296,"column":5}},"145":{"start":{"line":268,"column":6},"end":{"line":295,"column":7}},"146":{"start":{"line":269,"column":8},"end":{"line":269,"column":48}},"147":{"start":{"line":269,"column":39},"end":{"line":269,"column":48}},"148":{"start":{"line":270,"column":22},"end":{"line":270,"column":63}},"149":{"start":{"line":271,"column":8},"end":{"line":280,"column":9}},"150":{"start":{"line":272,"column":10},"end":{"line":275,"column":12}},"151":{"start":{"line":276,"column":25},"end":{"line":276,"column":122}},"152":{"start":{"line":277,"column":10},"end":{"line":277,"column":37}},"153":{"start":{"line":277,"column":28},"end":{"line":277,"column":37}},"154":{"start":{"line":278,"column":10},"end":{"line":278,"column":31}},"155":{"start":{"line":279,"column":10},"end":{"line":279,"column":62}},"156":{"start":{"line":281,"column":25},"end":{"line":281,"column":83}},"157":{"start":{"line":282,"column":8},"end":{"line":285,"column":10}},"158":{"start":{"line":286,"column":21},"end":{"line":286,"column":45}},"159":{"start":{"line":287,"column":8},"end":{"line":294,"column":9}},"160":{"start":{"line":287,"column":21},"end":{"line":287,"column":22}},"161":{"start":{"line":288,"column":22},"end":{"line":288,"column":29}},"162":{"start":{"line":289,"column":20},"end":{"line":289,"column":52}},"163":{"start":{"line":290,"column":10},"end":{"line":293,"column":12}},"164":{"start":{"line":298,"column":4},"end":{"line":312,"column":5}},"165":{"start":{"line":299,"column":22},"end":{"line":299,"column":40}},"166":{"start":{"line":300,"column":6},"end":{"line":300,"column":29}},"167":{"start":{"line":300,"column":20},"end":{"line":300,"column":29}},"168":{"start":{"line":301,"column":6},"end":{"line":311,"column":7}},"169":{"start":{"line":302,"column":8},"end":{"line":310,"column":10}},"170":{"start":{"line":314,"column":27},"end":{"line":320,"column":5}},"171":{"start":{"line":317,"column":22},"end":{"line":317,"column":63}},"172":{"start":{"line":318,"column":24},"end":{"line":318,"column":34}},"173":{"start":{"line":321,"column":4},"end":{"line":328,"column":5}},"174":{"start":{"line":322,"column":6},"end":{"line":325,"column":8}},"175":{"start":{"line":327,"column":6},"end":{"line":327,"column":77}},"176":{"start":{"line":330,"column":4},"end":{"line":334,"column":7}},"177":{"start":{"line":336,"column":4},"end":{"line":346,"column":5}},"178":{"start":{"line":337,"column":35},"end":{"line":337,"column":54}},"179":{"start":{"line":338,"column":6},"end":{"line":338,"column":29}},"180":{"start":{"line":338,"column":20},"end":{"line":338,"column":29}},"181":{"start":{"line":339,"column":6},"end":{"line":345,"column":7}},"182":{"start":{"line":340,"column":23},"end":{"line":340,"column":90}},"183":{"start":{"line":341,"column":8},"end":{"line":344,"column":10}},"184":{"start":{"line":348,"column":4},"end":{"line":357,"column":5}},"185":{"start":{"line":349,"column":6},"end":{"line":356,"column":7}},"186":{"start":{"line":350,"column":8},"end":{"line":355,"column":9}},"187":{"start":{"line":351,"column":10},"end":{"line":354,"column":12}},"188":{"start":{"line":359,"column":16},"end":{"line":359,"column":44}},"189":{"start":{"line":360,"column":4},"end":{"line":361,"column":109}},"190":{"start":{"line":360,"column":17},"end":{"line":360,"column":18}},"191":{"start":{"line":361,"column":6},"end":{"line":361,"column":109}},"192":{"start":{"line":362,"column":4},"end":{"line":363,"column":120}},"193":{"start":{"line":362,"column":17},"end":{"line":362,"column":18}},"194":{"start":{"line":363,"column":6},"end":{"line":363,"column":120}},"195":{"start":{"line":365,"column":4},"end":{"line":365,"column":24}},"196":{"start":{"line":367,"column":4},"end":{"line":367,"column":26}},"197":{"start":{"line":368,"column":4},"end":{"line":368,"column":14}},"198":{"start":{"line":372,"column":0},"end":{"line":372,"column":45}}},"fnMap":{"0":{"name":"buildDbJson","decl":{"start":{"line":6,"column":15},"end":{"line":6,"column":26}},"loc":{"start":{"line":6,"column":41},"end":{"line":173,"column":1}},"line":6},"1":{"name":"(anonymous_1)","decl":{"start":{"line":15,"column":30},"end":{"line":15,"column":31}},"loc":{"start":{"line":15,"column":35},"end":{"line":15,"column":39}},"line":15},"2":{"name":"(anonymous_2)","decl":{"start":{"line":31,"column":31},"end":{"line":31,"column":32}},"loc":{"start":{"line":31,"column":37},"end":{"line":36,"column":3}},"line":31},"3":{"name":"(anonymous_3)","decl":{"start":{"line":42,"column":31},"end":{"line":42,"column":32}},"loc":{"start":{"line":42,"column":36},"end":{"line":42,"column":40}},"line":42},"4":{"name":"(anonymous_4)","decl":{"start":{"line":73,"column":25},"end":{"line":73,"column":26}},"loc":{"start":{"line":73,"column":30},"end":{"line":73,"column":35}},"line":73},"5":{"name":"(anonymous_5)","decl":{"start":{"line":74,"column":44},"end":{"line":74,"column":45}},"loc":{"start":{"line":74,"column":49},"end":{"line":74,"column":99}},"line":74},"6":{"name":"(anonymous_6)","decl":{"start":{"line":80,"column":51},"end":{"line":80,"column":52}},"loc":{"start":{"line":80,"column":56},"end":{"line":80,"column":66}},"line":80},"7":{"name":"(anonymous_7)","decl":{"start":{"line":141,"column":35},"end":{"line":141,"column":36}},"loc":{"start":{"line":141,"column":40},"end":{"line":154,"column":3}},"line":141},"8":{"name":"(anonymous_8)","decl":{"start":{"line":169,"column":29},"end":{"line":169,"column":30}},"loc":{"start":{"line":169,"column":34},"end":{"line":169,"column":39}},"line":169},"9":{"name":"(anonymous_9)","decl":{"start":{"line":170,"column":32},"end":{"line":170,"column":33}},"loc":{"start":{"line":170,"column":37},"end":{"line":170,"column":45}},"line":170},"10":{"name":"saveDbJson","decl":{"start":{"line":175,"column":15},"end":{"line":175,"column":25}},"loc":{"start":{"line":175,"column":46},"end":{"line":370,"column":1}},"line":175},"11":{"name":"(anonymous_11)","decl":{"start":{"line":176,"column":45},"end":{"line":176,"column":46}},"loc":{"start":{"line":176,"column":50},"end":{"line":176,"column":54}},"line":176},"12":{"name":"(anonymous_12)","decl":{"start":{"line":178,"column":23},"end":{"line":178,"column":24}},"loc":{"start":{"line":178,"column":34},"end":{"line":183,"column":3}},"line":178},"13":{"name":"(anonymous_13)","decl":{"start":{"line":189,"column":42},"end":{"line":189,"column":43}},"loc":{"start":{"line":189,"column":47},"end":{"line":189,"column":51}},"line":189},"14":{"name":"(anonymous_14)","decl":{"start":{"line":193,"column":40},"end":{"line":193,"column":41}},"loc":{"start":{"line":193,"column":45},"end":{"line":193,"column":49}},"line":193},"15":{"name":"(anonymous_15)","decl":{"start":{"line":197,"column":42},"end":{"line":197,"column":43}},"loc":{"start":{"line":197,"column":47},"end":{"line":197,"column":51}},"line":197},"16":{"name":"(anonymous_16)","decl":{"start":{"line":236,"column":52},"end":{"line":236,"column":53}},"loc":{"start":{"line":236,"column":57},"end":{"line":236,"column":72}},"line":236},"17":{"name":"(anonymous_17)","decl":{"start":{"line":317,"column":15},"end":{"line":317,"column":16}},"loc":{"start":{"line":317,"column":22},"end":{"line":317,"column":63}},"line":317},"18":{"name":"(anonymous_18)","decl":{"start":{"line":318,"column":18},"end":{"line":318,"column":19}},"loc":{"start":{"line":318,"column":24},"end":{"line":318,"column":34}},"line":318}},"branchMap":{"0":{"loc":{"start":{"line":11,"column":19},"end":{"line":13,"column":10}},"type":"cond-expr","locations":[{"start":{"line":12,"column":6},"end":{"line":12,"column":77}},{"start":{"line":13,"column":6},"end":{"line":13,"column":10}}],"line":11},"1":{"loc":{"start":{"line":17,"column":25},"end":{"line":22,"column":10}},"type":"cond-expr","locations":[{"start":{"line":18,"column":6},"end":{"line":21,"column":7}},{"start":{"line":22,"column":6},"end":{"line":22,"column":10}}],"line":17},"2":{"loc":{"start":{"line":26,"column":4},"end":{"line":26,"column":65}},"type":"if","locations":[{"start":{"line":26,"column":4},"end":{"line":26,"column":65}},{"start":{},"end":{}}],"line":26},"3":{"loc":{"start":{"line":27,"column":4},"end":{"line":27,"column":89}},"type":"if","locations":[{"start":{"line":27,"column":4},"end":{"line":27,"column":89}},{"start":{},"end":{}}],"line":27},"4":{"loc":{"start":{"line":33,"column":12},"end":{"line":33,"column":32}},"type":"binary-expr","locations":[{"start":{"line":33,"column":12},"end":{"line":33,"column":24}},{"start":{"line":33,"column":28},"end":{"line":33,"column":32}}],"line":33},"5":{"loc":{"start":{"line":34,"column":18},"end":{"line":34,"column":42}},"type":"binary-expr","locations":[{"start":{"line":34,"column":18},"end":{"line":34,"column":36}},{"start":{"line":34,"column":40},"end":{"line":34,"column":42}}],"line":34},"6":{"loc":{"start":{"line":38,"column":22},"end":{"line":40,"column":10}},"type":"cond-expr","locations":[{"start":{"line":39,"column":6},"end":{"line":39,"column":83}},{"start":{"line":40,"column":6},"end":{"line":40,"column":10}}],"line":38},"7":{"loc":{"start":{"line":44,"column":21},"end":{"line":49,"column":10}},"type":"cond-expr","locations":[{"start":{"line":45,"column":6},"end":{"line":48,"column":7}},{"start":{"line":49,"column":6},"end":{"line":49,"column":10}}],"line":44},"8":{"loc":{"start":{"line":53,"column":4},"end":{"line":53,"column":79}},"type":"if","locations":[{"start":{"line":53,"column":4},"end":{"line":53,"column":79}},{"start":{},"end":{}}],"line":53},"9":{"loc":{"start":{"line":59,"column":18},"end":{"line":59,"column":48}},"type":"binary-expr","locations":[{"start":{"line":59,"column":18},"end":{"line":59,"column":42}},{"start":{"line":59,"column":46},"end":{"line":59,"column":48}}],"line":59},"10":{"loc":{"start":{"line":60,"column":4},"end":{"line":60,"column":69}},"type":"if","locations":[{"start":{"line":60,"column":4},"end":{"line":60,"column":69}},{"start":{},"end":{}}],"line":60},"11":{"loc":{"start":{"line":61,"column":18},"end":{"line":61,"column":49}},"type":"binary-expr","locations":[{"start":{"line":61,"column":18},"end":{"line":61,"column":43}},{"start":{"line":61,"column":47},"end":{"line":61,"column":49}}],"line":61},"12":{"loc":{"start":{"line":63,"column":4},"end":{"line":65,"column":5}},"type":"if","locations":[{"start":{"line":63,"column":4},"end":{"line":65,"column":5}},{"start":{},"end":{}}],"line":63},"13":{"loc":{"start":{"line":66,"column":4},"end":{"line":66,"column":63}},"type":"if","locations":[{"start":{"line":66,"column":4},"end":{"line":66,"column":63}},{"start":{},"end":{}}],"line":66},"14":{"loc":{"start":{"line":66,"column":30},"end":{"line":66,"column":62}},"type":"binary-expr","locations":[{"start":{"line":66,"column":30},"end":{"line":66,"column":56}},{"start":{"line":66,"column":60},"end":{"line":66,"column":62}}],"line":66},"15":{"loc":{"start":{"line":81,"column":20},"end":{"line":83,"column":10}},"type":"cond-expr","locations":[{"start":{"line":82,"column":6},"end":{"line":82,"column":114}},{"start":{"line":83,"column":6},"end":{"line":83,"column":10}}],"line":81},"16":{"loc":{"start":{"line":87,"column":18},"end":{"line":87,"column":46}},"type":"binary-expr","locations":[{"start":{"line":87,"column":18},"end":{"line":87,"column":40}},{"start":{"line":87,"column":44},"end":{"line":87,"column":46}}],"line":87},"17":{"loc":{"start":{"line":89,"column":4},"end":{"line":89,"column":51}},"type":"if","locations":[{"start":{"line":89,"column":4},"end":{"line":89,"column":51}},{"start":{},"end":{}}],"line":89},"18":{"loc":{"start":{"line":91,"column":4},"end":{"line":91,"column":55}},"type":"if","locations":[{"start":{"line":91,"column":4},"end":{"line":91,"column":55}},{"start":{},"end":{}}],"line":91},"19":{"loc":{"start":{"line":92,"column":4},"end":{"line":92,"column":42}},"type":"if","locations":[{"start":{"line":92,"column":4},"end":{"line":92,"column":42}},{"start":{},"end":{}}],"line":92},"20":{"loc":{"start":{"line":96,"column":24},"end":{"line":106,"column":10}},"type":"cond-expr","locations":[{"start":{"line":97,"column":6},"end":{"line":105,"column":18}},{"start":{"line":106,"column":6},"end":{"line":106,"column":10}}],"line":96},"21":{"loc":{"start":{"line":111,"column":4},"end":{"line":111,"column":59}},"type":"if","locations":[{"start":{"line":111,"column":4},"end":{"line":111,"column":59}},{"start":{},"end":{}}],"line":111},"22":{"loc":{"start":{"line":114,"column":22},"end":{"line":114,"column":44}},"type":"binary-expr","locations":[{"start":{"line":114,"column":22},"end":{"line":114,"column":39}},{"start":{"line":114,"column":43},"end":{"line":114,"column":44}}],"line":114},"23":{"loc":{"start":{"line":115,"column":54},"end":{"line":115,"column":66}},"type":"binary-expr","locations":[{"start":{"line":115,"column":54},"end":{"line":115,"column":60}},{"start":{"line":115,"column":64},"end":{"line":115,"column":66}}],"line":115},"24":{"loc":{"start":{"line":119,"column":18},"end":{"line":128,"column":10}},"type":"cond-expr","locations":[{"start":{"line":120,"column":6},"end":{"line":127,"column":18}},{"start":{"line":128,"column":6},"end":{"line":128,"column":10}}],"line":119},"25":{"loc":{"start":{"line":133,"column":4},"end":{"line":133,"column":47}},"type":"if","locations":[{"start":{"line":133,"column":4},"end":{"line":133,"column":47}},{"start":{},"end":{}}],"line":133},"26":{"loc":{"start":{"line":134,"column":4},"end":{"line":134,"column":73}},"type":"if","locations":[{"start":{"line":134,"column":4},"end":{"line":134,"column":73}},{"start":{},"end":{}}],"line":134},"27":{"loc":{"start":{"line":142,"column":4},"end":{"line":142,"column":75}},"type":"if","locations":[{"start":{"line":142,"column":4},"end":{"line":142,"column":75}},{"start":{},"end":{}}],"line":142},"28":{"loc":{"start":{"line":146,"column":19},"end":{"line":146,"column":48}},"type":"binary-expr","locations":[{"start":{"line":146,"column":19},"end":{"line":146,"column":35}},{"start":{"line":146,"column":39},"end":{"line":146,"column":48}}],"line":146},"29":{"loc":{"start":{"line":148,"column":11},"end":{"line":148,"column":29}},"type":"binary-expr","locations":[{"start":{"line":148,"column":11},"end":{"line":148,"column":16}},{"start":{"line":148,"column":20},"end":{"line":148,"column":29}}],"line":148},"30":{"loc":{"start":{"line":149,"column":14},"end":{"line":149,"column":56}},"type":"cond-expr","locations":[{"start":{"line":149,"column":39},"end":{"line":149,"column":49}},{"start":{"line":149,"column":52},"end":{"line":149,"column":56}}],"line":149},"31":{"loc":{"start":{"line":152,"column":4},"end":{"line":152,"column":35}},"type":"if","locations":[{"start":{"line":152,"column":4},"end":{"line":152,"column":35}},{"start":{},"end":{}}],"line":152},"32":{"loc":{"start":{"line":176,"column":21},"end":{"line":176,"column":39}},"type":"binary-expr","locations":[{"start":{"line":176,"column":21},"end":{"line":176,"column":33}},{"start":{"line":176,"column":37},"end":{"line":176,"column":39}}],"line":176},"33":{"loc":{"start":{"line":180,"column":6},"end":{"line":180,"column":78}},"type":"if","locations":[{"start":{"line":180,"column":6},"end":{"line":180,"column":78}},{"start":{},"end":{}}],"line":180},"34":{"loc":{"start":{"line":188,"column":4},"end":{"line":206,"column":5}},"type":"if","locations":[{"start":{"line":188,"column":4},"end":{"line":206,"column":5}},{"start":{},"end":{}}],"line":188},"35":{"loc":{"start":{"line":192,"column":6},"end":{"line":203,"column":7}},"type":"if","locations":[{"start":{"line":192,"column":6},"end":{"line":203,"column":7}},{"start":{},"end":{}}],"line":192},"36":{"loc":{"start":{"line":196,"column":8},"end":{"line":200,"column":9}},"type":"if","locations":[{"start":{"line":196,"column":8},"end":{"line":200,"column":9}},{"start":{},"end":{}}],"line":196},"37":{"loc":{"start":{"line":209,"column":37},"end":{"line":209,"column":56}},"type":"binary-expr","locations":[{"start":{"line":209,"column":37},"end":{"line":209,"column":50}},{"start":{"line":209,"column":54},"end":{"line":209,"column":56}}],"line":209},"38":{"loc":{"start":{"line":211,"column":8},"end":{"line":211,"column":48}},"type":"if","locations":[{"start":{"line":211,"column":8},"end":{"line":211,"column":48}},{"start":{},"end":{}}],"line":211},"39":{"loc":{"start":{"line":211,"column":12},"end":{"line":211,"column":37}},"type":"binary-expr","locations":[{"start":{"line":211,"column":12},"end":{"line":211,"column":22}},{"start":{"line":211,"column":26},"end":{"line":211,"column":37}}],"line":211},"40":{"loc":{"start":{"line":213,"column":8},"end":{"line":213,"column":51}},"type":"if","locations":[{"start":{"line":213,"column":8},"end":{"line":213,"column":51}},{"start":{},"end":{}}],"line":213},"41":{"loc":{"start":{"line":220,"column":36},"end":{"line":220,"column":55}},"type":"binary-expr","locations":[{"start":{"line":220,"column":36},"end":{"line":220,"column":49}},{"start":{"line":220,"column":53},"end":{"line":220,"column":55}}],"line":220},"42":{"loc":{"start":{"line":221,"column":6},"end":{"line":221,"column":49}},"type":"if","locations":[{"start":{"line":221,"column":6},"end":{"line":221,"column":49}},{"start":{},"end":{}}],"line":221},"43":{"loc":{"start":{"line":223,"column":6},"end":{"line":229,"column":7}},"type":"if","locations":[{"start":{"line":223,"column":6},"end":{"line":229,"column":7}},{"start":{},"end":{}}],"line":223},"44":{"loc":{"start":{"line":236,"column":29},"end":{"line":236,"column":45}},"type":"binary-expr","locations":[{"start":{"line":236,"column":29},"end":{"line":236,"column":39}},{"start":{"line":236,"column":43},"end":{"line":236,"column":45}}],"line":236},"45":{"loc":{"start":{"line":237,"column":4},"end":{"line":247,"column":5}},"type":"if","locations":[{"start":{"line":237,"column":4},"end":{"line":247,"column":5}},{"start":{},"end":{}}],"line":237},"46":{"loc":{"start":{"line":241,"column":10},"end":{"line":241,"column":45}},"type":"binary-expr","locations":[{"start":{"line":241,"column":10},"end":{"line":241,"column":37}},{"start":{"line":241,"column":41},"end":{"line":241,"column":45}}],"line":241},"47":{"loc":{"start":{"line":242,"column":10},"end":{"line":242,"column":39}},"type":"binary-expr","locations":[{"start":{"line":242,"column":10},"end":{"line":242,"column":31}},{"start":{"line":242,"column":35},"end":{"line":242,"column":39}}],"line":242},"48":{"loc":{"start":{"line":243,"column":10},"end":{"line":243,"column":39}},"type":"binary-expr","locations":[{"start":{"line":243,"column":10},"end":{"line":243,"column":31}},{"start":{"line":243,"column":35},"end":{"line":243,"column":39}}],"line":243},"49":{"loc":{"start":{"line":251,"column":21},"end":{"line":251,"column":39}},"type":"binary-expr","locations":[{"start":{"line":251,"column":21},"end":{"line":251,"column":33}},{"start":{"line":251,"column":37},"end":{"line":251,"column":39}}],"line":251},"50":{"loc":{"start":{"line":254,"column":23},"end":{"line":254,"column":38}},"type":"binary-expr","locations":[{"start":{"line":254,"column":23},"end":{"line":254,"column":30}},{"start":{"line":254,"column":34},"end":{"line":254,"column":38}}],"line":254},"51":{"loc":{"start":{"line":254,"column":48},"end":{"line":254,"column":67}},"type":"binary-expr","locations":[{"start":{"line":254,"column":48},"end":{"line":254,"column":59}},{"start":{"line":254,"column":63},"end":{"line":254,"column":67}}],"line":254},"52":{"loc":{"start":{"line":256,"column":48},"end":{"line":256,"column":68}},"type":"binary-expr","locations":[{"start":{"line":256,"column":48},"end":{"line":256,"column":62}},{"start":{"line":256,"column":66},"end":{"line":256,"column":68}}],"line":256},"53":{"loc":{"start":{"line":267,"column":49},"end":{"line":267,"column":68}},"type":"binary-expr","locations":[{"start":{"line":267,"column":49},"end":{"line":267,"column":62}},{"start":{"line":267,"column":66},"end":{"line":267,"column":68}}],"line":267},"54":{"loc":{"start":{"line":269,"column":8},"end":{"line":269,"column":48}},"type":"if","locations":[{"start":{"line":269,"column":8},"end":{"line":269,"column":48}},{"start":{},"end":{}}],"line":269},"55":{"loc":{"start":{"line":269,"column":12},"end":{"line":269,"column":37}},"type":"binary-expr","locations":[{"start":{"line":269,"column":12},"end":{"line":269,"column":22}},{"start":{"line":269,"column":26},"end":{"line":269,"column":37}}],"line":269},"56":{"loc":{"start":{"line":271,"column":8},"end":{"line":280,"column":9}},"type":"if","locations":[{"start":{"line":271,"column":8},"end":{"line":280,"column":9}},{"start":{},"end":{}}],"line":271},"57":{"loc":{"start":{"line":277,"column":10},"end":{"line":277,"column":37}},"type":"if","locations":[{"start":{"line":277,"column":10},"end":{"line":277,"column":37}},{"start":{},"end":{}}],"line":277},"58":{"loc":{"start":{"line":281,"column":25},"end":{"line":281,"column":83}},"type":"cond-expr","locations":[{"start":{"line":281,"column":44},"end":{"line":281,"column":76}},{"start":{"line":281,"column":79},"end":{"line":281,"column":83}}],"line":281},"59":{"loc":{"s
[...]
e":3,"column":20},"end":{"line":3,"column":83}},"2":{"start":{"line":4,"column":20},"end":{"line":4,"column":83}},"3":{"start":{"line":5,"column":21},"end":{"line":5,"column":66}},"4":{"start":{"line":5,"column":27},"end":{"line":5,"column":66}},"5":{"start":{"line":8,"column":13},"end":{"line":8,"column":35}},"6":{"start":{"line":9,"column":13},"end":{"line":9,"column":37}},"7":{"start":{"line":11,"column":18},"end":{"line":11,"column":66}},"8":{"start":{"line":11,"column":58},"end":{"line":11,"column":64}},"9":{"start":{"line":12,"column":20},"end":{"line":12,"column":38}},"10":{"start":{"line":13,"column":2},"end":{"line":23,"column":5}},"11":{"start":{"line":14,"column":22},"end":{"line":14,"column":32}},"12":{"start":{"line":15,"column":22},"end":{"line":15,"column":73}},"13":{"start":{"line":16,"column":4},"end":{"line":16,"column":60}},"14":{"start":{"line":17,"column":4},"end":{"line":17,"column":110}},"15":{"start":{"line":18,"column":4},"end":{"line":18,"column":82}},"16":{"start":{"line":19,"column":4},"end":{"line":22,"column":6}},"17":{"start":{"line":25,"column":2},"end":{"line":52,"column":5}},"18":{"start":{"line":26,"column":16},"end":{"line":29,"column":7}},"19":{"start":{"line":27,"column":19},"end":{"line":27,"column":45}},"20":{"start":{"line":28,"column":6},"end":{"line":28,"column":76}},"21":{"start":{"line":30,"column":20},"end":{"line":30,"column":34}},"22":{"start":{"line":31,"column":4},"end":{"line":51,"column":7}},"23":{"start":{"line":32,"column":24},"end":{"line":32,"column":34}},"24":{"start":{"line":33,"column":24},"end":{"line":33,"column":75}},"25":{"start":{"line":34,"column":24},"end":{"line":34,"column":67}},"26":{"start":{"line":36,"column":6},"end":{"line":44,"column":7}},"27":{"start":{"line":37,"column":8},"end":{"line":37,"column":99}},"28":{"start":{"line":38,"column":8},"end":{"line":38,"column":74}},"29":{"start":{"line":39,"column":13},"end":{"line":44,"column":7}},"30":{"start":{"line":40,"column":8},"end":{"line":40,"column":99}},"31":{"start":{"line":41,"column":8},"end":{"line":41,"column":62}},"32":{"start":{"line":42,"column":13},"end":{"line":44,"column":7}},"33":{"start":{"line":43,"column":8},"end":{"line":43,"column":89}},"34":{"start":{"line":46,"column":6},"end":{"line":46,"column":91}},"35":{"start":{"line":47,"column":6},"end":{"line":50,"column":8}},"36":{"start":{"line":54,"column":2},"end":{"line":54,"column":28}},"37":{"start":{"line":55,"column":2},"end":{"line":55,"column":29}},"38":{"start":{"line":56,"column":2},"end":{"line":56,"column":71}},"39":{"start":{"line":56,"column":15},"end":{"line":56,"column":16}},"40":{"start":{"line":56,"column":44},"end":{"line":56,"column":71}},"41":{"start":{"line":57,"column":2},"end":{"line":57,"column":27}},"42":{"start":{"line":59,"column":19},"end":{"line":59,"column":114}},"43":{"start":{"line":60,"column":2},"end":{"line":60,"column":26}},"44":{"start":{"line":64,"column":17},"end":{"line":64,"column":50}},"45":{"start":{"line":65,"column":13},"end":{"line":65,"column":35}},"46":{"start":{"line":66,"column":2},"end":{"line":66,"column":29}},"47":{"start":{"line":68,"column":13},"end":{"line":68,"column":29}},"48":{"start":{"line":69,"column":2},"end":{"line":73,"column":3}},"49":{"start":{"line":70,"column":16},"end":{"line":70,"column":63}},"50":{"start":{"line":71,"column":4},"end":{"line":71,"column":21}},"51":{"start":{"line":72,"column":4},"end":{"line":72,"column":14}},"52":{"start":{"line":75,"column":23},"end":{"line":75,"column":74}},"53":{"start":{"line":76,"column":16},"end":{"line":76,"column":17}},"54":{"start":{"line":77,"column":19},"end":{"line":77,"column":31}},"55":{"start":{"line":78,"column":2},"end":{"line":81,"column":5}},"56":{"start":{"line":79,"column":17},"end":{"line":79,"column":62}},"57":{"start":{"line":80,"column":4},"end":{"line":80,"column":67}},"58":{"start":{"line":80,"column":31},"end":{"line":80,"column":47}},"59":{"start":{"line":80,"column":50},"end":{"line":80,"column":67}},"60":{"start":{"line":82,"column":29},"end":{"line":84,"column":3}},"61":{"start":{"line":83,"column":4},"end":{"line":83,"column":72}},"62":{"start":{"line":83,"column":30},"end":{"line":83,"column":71}},"63":{"start":{"line":85,"column":2},"end":{"line":85,"column":38}},"64":{"start":{"line":85,"column":26},"end":{"line":85,"column":38}},"65":{"start":{"line":87,"column":16},"end":{"line":87,"column":18}},"66":{"start":{"line":88,"column":2},"end":{"line":96,"column":5}},"67":{"start":{"line":89,"column":4},"end":{"line":93,"column":5}},"68":{"start":{"line":90,"column":18},"end":{"line":90,"column":65}},"69":{"start":{"line":91,"column":6},"end":{"line":91,"column":72}},"70":{"start":{"line":91,"column":33},"end":{"line":91,"column":62}},"71":{"start":{"line":91,"column":65},"end":{"line":91,"column":72}},"72":{"start":{"line":92,"column":6},"end":{"line":92,"column":69}},"73":{"start":{"line":92,"column":62},"end":{"line":92,"column":69}},"74":{"start":{"line":94,"column":16},"end":{"line":94,"column":63}},"75":{"start":{"line":95,"column":4},"end":{"line":95,"column":92}},"76":{"start":{"line":95,"column":76},"end":{"line":95,"column":92}},"77":{"start":{"line":98,"column":2},"end":{"line":98,"column":15}},"78":{"start":{"line":101,"column":0},"end":{"line":101,"column":52}}},"fnMap":{"0":{"name":"(anonymous_0)","decl":{"start":{"line":5,"column":21},"end":{"line":5,"column":22}},"loc":{"start":{"line":5,"column":27},"end":{"line":5,"column":66}},"line":5},"1":{"name":"exportToExcel","decl":{"start":{"line":7,"column":15},"end":{"line":7,"column":28}},"loc":{"start":{"line":7,"column":95},"end":{"line":61,"column":1}},"line":7},"2":{"name":"(anonymous_2)","decl":{"start":{"line":11,"column":53},"end":{"line":11,"column":54}},"loc":{"start":{"line":11,"column":58},"end":{"line":11,"column":64}},"line":11},"3":{"name":"(anonymous_3)","decl":{"start":{"line":13,"column":21},"end":{"line":13,"column":22}},"loc":{"start":{"line":13,"column":39},"end":{"line":23,"column":3}},"line":13},"4":{"name":"(anonymous_4)","decl":{"start":{"line":25,"column":19},"end":{"line":25,"column":20}},"loc":{"start":{"line":25,"column":33},"end":{"line":52,"column":3}},"line":25},"5":{"name":"(anonymous_5)","decl":{"start":{"line":26,"column":54},"end":{"line":26,"column":55}},"loc":{"start":{"line":26,"column":61},"end":{"line":29,"column":5}},"line":26},"6":{"name":"(anonymous_6)","decl":{"start":{"line":31,"column":21},"end":{"line":31,"column":22}},"loc":{"start":{"line":31,"column":39},"end":{"line":51,"column":5}},"line":31},"7":{"name":"importFromExcel","decl":{"start":{"line":63,"column":15},"end":{"line":63,"column":30}},"loc":{"start":{"line":63,"column":43},"end":{"line":99,"column":1}},"line":63},"8":{"name":"(anonymous_8)","decl":{"start":{"line":78,"column":20},"end":{"line":78,"column":21}},"loc":{"start":{"line":78,"column":38},"end":{"line":81,"column":3}},"line":78},"9":{"name":"(anonymous_9)","decl":{"start":{"line":80,"column":26},"end":{"line":80,"column":27}},"loc":{"start":{"line":80,"column":31},"end":{"line":80,"column":47}},"line":80},"10":{"name":"(anonymous_10)","decl":{"start":{"line":82,"column":48},"end":{"line":82,"column":49}},"loc":{"start":{"line":83,"column":4},"end":{"line":83,"column":72}},"line":83},"11":{"name":"(anonymous_11)","decl":{"start":{"line":83,"column":25},"end":{"line":83,"column":26}},"loc":{"start":{"line":83,"column":30},"end":{"line":83,"column":71}},"line":83},"12":{"name":"(anonymous_12)","decl":{"start":{"line":88,"column":13},"end":{"line":88,"column":14}},"loc":{"start":{"line":88,"column":33},"end":{"line":96,"column":3}},"line":88},"13":{"name":"(anonymous_13)","decl":{"start":{"line":91,"column":28},"end":{"line":91,"column":29}},"loc":{"start":{"line":91,"column":33},"end":{"line":91,"column":62}},"line":91}},"branchMap":{"0":{"loc":{"start":{"line":5,"column":27},"end":{"line":5,"column":66}},"type":"binary-expr","locations":[{"start":{"line":5,"column":27},"end":{"line":5,"column":48}},{"start":{"line":5,"column":52},"end":{"line":5,"column":66}}],"line":5},"1":{"loc":{"start":{"line":15,"column":22},"end":{"line":15,"column":73}},"type":"binary-expr","locations":[{"start":{"line":15,"column":22},"end":{"line":15,"column":33}},{"start":{"line":15,"column":37},"end":{"line":15,"column":73}}],"line":15},"2":{"loc":{"start":{"line":17,"column":70},"end":{"line":17,"column":105}},"type":"cond-expr","locations":[{"start":{"line":17,"column":82},"end":{"line":17,"column":92}},{"start":{"line":17,"column":95},"end":{"line":17,"column":105}}],"line":17},"3":{"loc":{"start":{"line":28,"column":13},"end":{"line":28,"column":75}},"type":"cond-expr","locations":[{"start":{"line":28,"column":66},"end":{"line":28,"column":70}},{"start":{"line":28,"column":73},"end":{"line":28,"column":75}}],"line":28},"4":{"loc":{"start":{"line":28,"column":13},"end":{"line":28,"column":63}},"type":"binary-expr","locations":[{"start":{"line":28,"column":13},"end":{"line":28,"column":31}},{"start":{"line":28,"column":35},"end":{"line":28,"column":48}},{"start":{"line":28,"column":52},"end":{"line":28,"column":63}}],"line":28},"5":{"loc":{"start":{"line":33,"column":24},"end":{"line":33,"column":75}},"type":"binary-expr","locations":[{"start":{"line":33,"column":24},"end":{"line":33,"column":35}},{"start":{"line":33,"column":39},"end":{"line":33,"column":75}}],"line":33},"6":{"loc":{"start":{"line":34,"column":24},"end":{"line":34,"column":67}},"type":"cond-expr","locations":[{"start":{"line":34,"column":38},"end":{"line":34,"column":62}},{"start":{"line":34,"column":65},"end":{"line":34,"column":67}}],"line":34},"7":{"loc":{"start":{"line":34,"column":45},"end":{"line":34,"column":61}},"type":"binary-expr","locations":[{"start":{"line":34,"column":45},"end":{"line":34,"column":55}},{"start":{"line":34,"column":59},"end":{"line":34,"column":61}}],"line":34},"8":{"loc":{"start":{"line":36,"column":6},"end":{"line":44,"column":7}},"type":"if","locations":[{"start":{"line":36,"column":6},"end":{"line":44,"column":7}},{"start":{"line":39,"column":13},"end":{"line":44,"column":7}}],"line":36},"9":{"loc":{"start":{"line":36,"column":10},"end":{"line":36,"column":43}},"type":"binary-expr","locations":[{"start":{"line":36,"column":10},"end":{"line":36,"column":19}},{"start":{"line":36,"column":23},"end":{"line":36,"column":43}}],"line":36},"10":{"loc":{"start":{"line":39,"column":13},"end":{"line":44,"column":7}},"type":"if","locations":[{"start":{"line":39,"column":13},"end":{"line":44,"column":7}},{"start":{"line":42,"column":13},"end":{"line":44,"column":7}}],"line":39},"11":{"loc":{"start":{"line":39,"column":17},"end":{"line":39,"column":52}},"type":"binary-expr","locations":[{"start":{"line":39,"column":17},"end":{"line":39,"column":28}},{"start":{"line":39,"column":32},"end":{"line":39,"column":52}}],"line":39},"12":{"loc":{"start":{"line":42,"column":13},"end":{"line":44,"column":7}},"type":"if","locations":[{"start":{"line":42,"column":13},"end":{"line":44,"column":7}},{"start":{},"end":{}}],"line":42},"13":{"loc":{"start":{"line":46,"column":37},"end":{"line":46,"column":68}},"type":"cond-expr","locations":[{"start":{"line":46,"column":51},"end":{"line":46,"column":57}},{"start":{"line":46,"column":60},"end":{"line":46,"column":68}}],"line":46},"14":{"loc":{"start":{"line":59,"column":22},"end":{"line":59,"column":43}},"type":"binary-expr","locations":[{"start":{"line":59,"column":22},"end":{"line":59,"column":32}},{"start":{"line":59,"column":36},"end":{"line":59,"column":43}}],"line":59},"15":{"loc":{"start":{"line":59,"column":47},"end":{"line":59,"column":58}},"type":"binary-expr","locations":[{"start":{"line":59,"column":47},"end":{"line":59,"column":52}},{"start":{"line":59,"column":56},"end":{"line":59,"column":58}}],"line":59},"16":{"loc":{"start":{"line":59,"column":61},"end":{"line":59,"column":73}},"type":"binary-expr","locations":[{"start":{"line":59,"column":61},"end":{"line":59,"column":67}},{"start":{"line":59,"column":71},"end":{"line":59,"column":73}}],"line":59},"17":{"loc":{"start":{"line":59,"column":78},"end":{"line":59,"column":87}},"type":"binary-expr","locations":[{"start":{"line":59,"column":78},"end":{"line":59,"column":81}},{"start":{"line":59,"column":85},"end":{"line":59,"column":87}}],"line":59},"18":{"loc":{"start":{"line":69,"column":2},"end":{"line":73,"column":3}},"type":"if","locations":[{"start":{"line":69,"column":2},"end":{"line":73,"column":3}},{"start":{},"end":{}}],"line":69},"19":{"loc":{"start":{"line":79,"column":24},"end":{"line":79,"column":40}},"type":"binary-expr","locations":[{"start":{"line":79,"column":24},"end":{"line":79,"column":34}},{"start":{"line":79,"column":38},"end":{"line":79,"column":40}}],"line":79},"20":{"loc":{"start":{"line":80,"column":4},"end":{"line":80,"column":67}},"type":"if","locations":[{"start":{"line":80,"column":4},"end":{"line":80,"column":67}},{"start":{},"end":{}}],"line":80},"21":{"loc":{"start":{"line":83,"column":37},"end":{"line":83,"column":44}},"type":"binary-expr","locations":[{"start":{"line":83,"column":37},"end":{"line":83,"column":38}},{"start":{"line":83,"column":42},"end":{"line":83,"column":44}}],"line":83},"22":{"loc":{"start":{"line":85,"column":2},"end":{"line":85,"column":38}},"type":"if","locations":[{"start":{"line":85,"column":2},"end":{"line":85,"column":38}},{"start":{},"end":{}}],"line":85},"23":{"loc":{"start":{"line":89,"column":4},"end":{"line":93,"column":5}},"type":"if","locations":[{"start":{"line":89,"column":4},"end":{"line":93,"column":5}},{"start":{},"end":{}}],"line":89},"24":{"loc":{"start":{"line":90,"column":25},"end":{"line":90,"column":57}},"type":"binary-expr","locations":[{"start":{"line":90,"column":25},"end":{"line":90,"column":51}},{"start":{"line":90,"column":55},"end":{"line":90,"column":57}}],"line":90},"25":{"loc":{"start":{"line":91,"column":6},"end":{"line":91,"column":72}},"type":"if","locations":[{"start":{"line":91,"column":6},"end":{"line":91,"column":72}},{"start":{},"end":{}}],"line":91},"26":{"loc":{"start":{"line":92,"column":6},"end":{"line":92,"column":69}},"type":"if","locations":[{"start":{"line":92,"column":6},"end":{"line":92,"column":69}},{"start":{},"end":{}}],"line":92},"27":{"loc":{"start":{"line":92,"column":10},"end":{"line":92,"column":60}},"type":"binary-expr","locations":[{"start":{"line":92,"column":10},"end":{"line":92,"column":29}},{"start":{"line":92,"column":33},"end":{"line":92,"column":45}},{"start":{"line":92,"column":49},"end":{"line":92,"column":60}}],"line":92},"28":{"loc":{"start":{"line":94,"column":23},"end":{"line":94,"column":55}},"type":"binary-expr","locations":[{"start":{"line":94,"column":23},"end":{"line":94,"column":49}},{"start":{"line":94,"column":53},"end":{"line":94,"column":55}}],"line":94},"29":{"loc":{"start":{"line":95,"column":4},"end":{"line":95,"column":92}},"type":"if","locations":[{"start":{"line":95,"column":4},"end":{"line":95,"column":92}},{"start":{},"end":{}}],"line":95},"30":{"loc":{"start":{"line":95,"column":8},"end":{"line":95,"column":74}},"type":"binary-expr","locations":[{"start":{"line":95,"column":8},"end":{"line":95,"column":11}},{"start":{"line":95,"column":15},"end":{"line":95,"column":33}},{"start":{"line":95,"column":37},"end":{"line":95,"column":74}}],"line":95}},"s":{"0":12,"1":12,"2":12,"3":12,"4":0,"5":0,"6":0,"7":0,"8":0,"9":0,"10":0,"11":0,"12":0,"13":0,"14":0,"15":0,"16":0,"17":0,"18":0,"19":0,"20":0,"21":0,"22":0,"23":0,"24":0,"25":0,"26":0,"27":0,"28":0,"29":0,"30":0,"31":0,"32":0,"33":0,"34":0,"35":0,"36":0,"37":0,"38":0,"39":0,"40":0,"41":0,"42":0,"43":0,"44":0,"45":0,"46":0,"47":0,"48":0,"49":0,"50":0,"51":0,"52":0,"53":0,"54":0,"55":0,"56":0,"57":0,"58":0,"59":0,"60":0,"61":0,"62":0,"63":0,"64":0,"65":0,"66":0,"67":0,"68":0,"69":0,"70":0,"71":0,"72":0,"73":0,"74":0,"75":0,"76":0,"77":0,"78":12},"f":{"0":0,"1":0,"2":0,"3":0,"4":0,"5":0,"6":0,"7":0,"8":0,"9":0,"10":0,"11":0,"12":0,"13":0},"b":{"0":[0,0],"1":[0,0],"2":[0,0],"3":[0,0],"4":[0,0,0],"5":[0,0],"6":[0,0],"7":[0,0],"8":[0,0],"9":[0,0],"10":[0,0],"11":[0,0],"12":[0,0],"13":[0,0],"14":[0,0],"15":[0,0],"16":[0,0],"17":[0,0],"18":[0,0],"19":[0,0],"20":[0,0],"21":[0,0],"22":[0,0],"23":[0,0],"24":[0,0],"25":[0,0],"26":[0,0],"27":[0,0,0],"28":[0,0],"29":[0,0],"30":[0,0,0]},"_coverageSchema":"1a1c01bbd47fc00a2c39e90264f33305004495a9","hash":"b8d0ea8c48fd419a203e3539783817910f38921e"}
,"C:\\Users\\ASUS\\Desktop\\UTP\\Ciclo 7\\Integrador 1\\Integrador\\utils\\mailer.js": {"path":"C:\\Users\\ASUS\\Desktop\\UTP\\Ciclo 7\\Integrador 1\\Integrador\\utils\\mailer.js","statementMap":{"0":{"start":{"line":5,"column":19},"end":{"line":5,"column":40}},"1":{"start":{"line":6,"column":19},"end":{"line":6,"column":42}},"2":{"start":{"line":8,"column":20},"end":{"line":16,"column":2}},"3":{"start":{"line":22,"column":17},"end":{"line":22,"column":44}},"4":{"start":{"line":23,"column":2},"end":{"line":23,"column":28}},"5":{"start":{"line":23,"column":15},"end":{"line":23,"column":28}},"6":{"start":{"line":24,"column":2},"end":{"line":29,"column":3}},"7":{"start":{"line":25,"column":20},"end":{"line":25,"column":47}},"8":{"start":{"line":26,"column":4},"end":{"line":26,"column":56}},"9":{"start":{"line":28,"column":4},"end":{"line":28,"column":16}},"10":{"start":{"line":34,"column":20},"end":{"line":34,"column":74}},"11":{"start":{"line":35,"column":2},"end":{"line":53,"column":5}},"12":{"start":{"line":58,"column":2},"end":{"line":75,"column":5}},"13":{"start":{"line":80,"column":2},"end":{"line":97,"column":5}},"14":{"start":{"line":100,"column":0},"end":{"line":100,"column":112}}},"fnMap":{"0":{"name":"emailDomainExists","decl":{"start":{"line":21,"column":15},"end":{"line":21,"column":32}},"loc":{"start":{"line":21,"column":40},"end":{"line":30,"column":1}},"line":21},"1":{"name":"sendContactEmail","decl":{"start":{"line":33,"column":15},"end":{"line":33,"column":31}},"loc":{"start":{"line":33,"column":75},"end":{"line":54,"column":1}},"line":33},"2":{"name":"sendRegistrationEmail","decl":{"start":{"line":57,"column":15},"end":{"line":57,"column":36}},"loc":{"start":{"line":57,"column":56},"end":{"line":76,"column":1}},"line":57},"3":{"name":"sendRecoveryEmail","decl":{"start":{"line":79,"column":15},"end":{"line":79,"column":32}},"loc":{"start":{"line":79,"column":52},"end":{"line":98,"column":1}},"line":79}},"branchMap":{"0":{"loc":{"start":{"line":9,"column":10},"end":{"line":9,"column":53}},"type":"binary-expr","locations":[{"start":{"line":9,"column":10},"end":{"line":9,"column":31}},{"start":{"line":9,"column":37},"end":{"line":9,"column":53}}],"line":9},"1":{"loc":{"start":{"line":10,"column":10},"end":{"line":10,"column":48}},"type":"binary-expr","locations":[{"start":{"line":10,"column":10},"end":{"line":10,"column":41}},{"start":{"line":10,"column":45},"end":{"line":10,"column":48}}],"line":10},"2":{"loc":{"start":{"line":22,"column":18},"end":{"line":22,"column":29}},"type":"binary-expr","locations":[{"start":{"line":22,"column":18},"end":{"line":22,"column":23}},{"start":{"line":22,"column":27},"end":{"line":22,"column":29}}],"line":22},"3":{"loc":{"start":{"line":23,"column":2},"end":{"line":23,"column":28}},"type":"if","locations":[{"start":{"line":23,"column":2},"end":{"line":23,"column":28}},{"start":{},"end":{}}],"line":23},"4":{"loc":{"start":{"line":26,"column":11},"end":{"line":26,"column":55}},"type":"binary-expr","locations":[{"start":{"line":26,"column":11},"end":{"line":26,"column":33}},{"start":{"line":26,"column":37},"end":{"line":26,"column":55}}],"line":26},"5":{"loc":{"start":{"line":34,"column":20},"end":{"line":34,"column":74}},"type":"binary-expr","locations":[{"start":{"line":34,"column":20},"end":{"line":34,"column":49}},{"start":{"line":34,"column":53},"end":{"line":34,"column":74}}],"line":34}},"s":{"0":0,"1":0,"2":0,"3":0,"4":0,"5":0,"6":0,"7":0,"8":0,"9":0,"10":0,"11":0,"12":0,"13":0,"14":0},"f":{"0":0,"1":0,"2":0,"3":0},"b":{"0":[0,0],"1":[0,0],"2":[0,0],"3":[0,0],"4":[0,0],"5":[0,0]}}
}
