TN:
SF:server.js
FN:10,(anonymous_0)
FN:30,(anonymous_1)
FNF:2
FNH:0
FNDA:0,(anonymous_0)
FNDA:0,(anonymous_1)
DA:1,13
DA:3,13
DA:4,13
DA:5,13
DA:7,13
DA:9,13
DA:10,0
DA:11,0
DA:12,0
DA:13,0
DA:14,0
DA:15,0
DA:17,0
DA:18,0
DA:19,0
DA:22,0
DA:23,0
DA:24,0
DA:26,0
DA:27,0
DA:30,0
DA:34,13
LF:22
LH:7
BRDA:7,0,0,13
BRDA:7,0,1,0
BRDA:9,1,0,0
BRDA:9,1,1,13
BRF:4
BRH:2
end_of_record
TN:
SF:db\mysql.js
FNF:0
FNH:0
DA:3,0
DA:4,0
DA:6,0
LF:3
LH:0
BRF:0
BRH:0
end_of_record
TN:
SF:src\app.js
FN:38,(anonymous_0)
FNF:1
FNH:0
FNDA:0,(anonymous_0)
DA:1,13
DA:2,13
DA:3,13
DA:4,13
DA:6,13
DA:7,13
DA:8,13
DA:9,13
DA:10,13
DA:11,13
DA:12,13
DA:14,13
DA:16,13
DA:27,13
DA:28,13
DA:30,13
DA:31,13
DA:33,13
DA:34,13
DA:35,13
DA:36,13
DA:38,13
DA:39,0
DA:42,13
DA:43,13
DA:44,13
DA:45,13
DA:46,13
DA:48,13
LF:29
LH:28
BRDA:27,0,0,13
BRDA:27,0,1,0
BRF:2
BRH:1
end_of_record
TN:
SF:src\config\database.js
FN:13,getPool
FNF:1
FNH:0
FNDA:0,getPool
DA:1,0
DA:3,0
DA:14,0
DA:15,0
DA:21,0
DA:24,0
LF:6
LH:0
BRDA:4,0,0,0
BRDA:4,0,1,0
BRDA:5,1,0,0
BRDA:5,1,1,0
BRDA:6,2,0,0
BRDA:6,2,1,0
BRDA:7,3,0,0
BRDA:7,3,1,0
BRDA:8,4,0,0
BRDA:8,4,1,0
BRDA:14,5,0,0
BRDA:14,5,1,0
BRF:12
BRH:0
end_of_record
TN:
SF:src\controllers\adminController.js
FN:3,getStats
FN:13,getAccounts
FN:22,updateAccountStatus
FN:33,deleteAccount
FN:42,getBlockedAccounts
FN:51,unblockAccount
FNF:6
FNH:0
FNDA:0,getStats
FNDA:0,getAccounts
FNDA:0,updateAccountStatus
FNDA:0,deleteAccount
FNDA:0,getBlockedAccounts
FNDA:0,unblockAccount
DA:1,13
DA:4,0
DA:5,0
DA:6,0
DA:8,0
DA:9,0
DA:14,0
DA:15,0
DA:16,0
DA:18,0
DA:23,0
DA:24,0
DA:25,0
DA:26,0
DA:27,0
DA:29,0
DA:34,0
DA:35,0
DA:36,0
DA:38,0
DA:43,0
DA:44,0
DA:45,0
DA:47,0
DA:52,0
DA:53,0
DA:54,0
DA:56,0
DA:60,13
LF:29
LH:2
BRDA:9,0,0,0
BRDA:9,0,1,0
BRDA:9,1,0,0
BRDA:9,1,1,0
BRDA:18,2,0,0
BRDA:18,2,1,0
BRDA:18,3,0,0
BRDA:18,3,1,0
BRDA:23,4,0,0
BRDA:23,4,1,0
BRDA:24,5,0,0
BRDA:24,5,1,0
BRDA:29,6,0,0
BRDA:29,6,1,0
BRDA:29,7,0,0
BRDA:29,7,1,0
BRDA:38,8,0,0
BRDA:38,8,1,0
BRDA:38,9,0,0
BRDA:38,9,1,0
BRDA:47,10,0,0
BRDA:47,10,1,0
BRDA:47,11,0,0
BRDA:47,11,1,0
BRDA:56,12,0,0
BRDA:56,12,1,0
BRDA:56,13,0,0
BRDA:56,13,1,0
BRF:28
BRH:0
end_of_record
TN:
SF:src\controllers\authController.js
FN:3,login
FN:15,register
FN:27,changePassword
FN:39,resetPassword
FN:51,deleteAccount
FN:65,sendRegisterCode
FN:77,verifyRegisterCode
FN:89,sendRecoveryCode
FN:101,verifyRecoveryCode
FNF:9
FNH:3
FNDA:5,login
FNDA:0,register
FNDA:0,changePassword
FNDA:0,resetPassword
FNDA:0,deleteAccount
FNDA:4,sendRegisterCode
FNDA:2,verifyRegisterCode
FNDA:0,sendRecoveryCode
FNDA:0,verifyRecoveryCode
DA:1,13
DA:4,5
DA:5,5
DA:6,5
DA:7,5
DA:8,1
DA:10,4
DA:11,4
DA:16,0
DA:17,0
DA:18,0
DA:19,0
DA:20,0
DA:22,0
DA:23,0
DA:28,0
DA:29,0
DA:30,0
DA:31,0
DA:32,0
DA:34,0
DA:35,0
DA:40,0
DA:41,0
DA:42,0
DA:43,0
DA:44,0
DA:46,0
DA:47,0
DA:52,0
DA:53,0
DA:54,0
DA:55,0
DA:56,0
DA:57,0
DA:58,0
DA:60,0
DA:61,0
DA:66,4
DA:67,4
DA:68,4
DA:69,4
DA:70,2
DA:72,2
DA:73,2
DA:78,2
DA:79,2
DA:80,2
DA:81,2
DA:82,1
DA:84,1
DA:85,1
DA:90,0
DA:91,0
DA:92,0
DA:93,0
DA:94,0
DA:96,0
DA:97,0
DA:102,0
DA:103,0
DA:104,0
DA:105,0
DA:106,0
DA:108,0
DA:109,0
DA:113,13
LF:67
LH:23
BRDA:4,0,0,5
BRDA:4,0,1,0
BRDA:5,1,0,0
BRDA:5,1,1,5
BRDA:5,2,0,5
BRDA:5,2,1,5
BRDA:11,3,0,4
BRDA:11,3,1,0
BRDA:11,4,0,4
BRDA:11,4,1,0
BRDA:16,5,0,0
BRDA:16,5,1,0
BRDA:17,6,0,0
BRDA:17,6,1,0
BRDA:17,7,0,0
BRDA:17,7,1,0
BRDA:17,7,2,0
BRDA:23,8,0,0
BRDA:23,8,1,0
BRDA:23,9,0,0
BRDA:23,9,1,0
BRDA:28,10,0,0
BRDA:28,10,1,0
BRDA:29,11,0,0
BRDA:29,11,1,0
BRDA:29,12,0,0
BRDA:29,12,1,0
BRDA:29,12,2,0
BRDA:35,13,0,0
BRDA:35,13,1,0
BRDA:35,14,0,0
BRDA:35,14,1,0
BRDA:40,15,0,0
BRDA:40,15,1,0
BRDA:41,16,0,0
BRDA:41,16,1,0
BRDA:41,17,0,0
BRDA:41,17,1,0
BRDA:47,18,0,0
BRDA:47,18,1,0
BRDA:47,19,0,0
BRDA:47,19,1,0
BRDA:53,20,0,0
BRDA:53,20,1,0
BRDA:54,21,0,0
BRDA:54,21,1,0
BRDA:55,22,0,0
BRDA:55,22,1,0
BRDA:61,23,0,0
BRDA:61,23,1,0
BRDA:61,24,0,0
BRDA:61,24,1,0
BRDA:66,25,0,4
BRDA:66,25,1,0
BRDA:67,26,0,0
BRDA:67,26,1,4
BRDA:67,27,0,4
BRDA:67,27,1,4
BRDA:67,27,2,4
BRDA:73,28,0,2
BRDA:73,28,1,0
BRDA:73,29,0,2
BRDA:73,29,1,0
BRDA:78,30,0,2
BRDA:78,30,1,0
BRDA:79,31,0,0
BRDA:79,31,1,2
BRDA:79,32,0,2
BRDA:79,32,1,2
BRDA:85,33,0,1
BRDA:85,33,1,0
BRDA:85,34,0,1
BRDA:85,34,1,0
BRDA:90,35,0,0
BRDA:90,35,1,0
BRDA:91,36,0,0
BRDA:91,36,1,0
BRDA:97,37,0,0
BRDA:97,37,1,0
BRDA:97,38,0,0
BRDA:97,38,1,0
BRDA:102,39,0,0
BRDA:102,39,1,0
BRDA:103,40,0,0
BRDA:103,40,1,0
BRDA:103,41,0,0
BRDA:103,41,1,0
BRDA:109,42,0,0
BRDA:109,42,1,0
BRDA:109,43,0,0
BRDA:109,43,1,0
BRF:91
BRH:19
end_of_record
TN:
SF:src\controllers\dbController.js
FN:3,getDb
FN:14,putDb
FNF:2
FNH:2
FNDA:10,getDb
FNDA:9,putDb
DA:1,13
DA:4,10
DA:5,10
DA:6,10
DA:7,10
DA:9,0
DA:10,0
DA:15,9
DA:16,9
DA:17,9
DA:18,9
DA:19,0
DA:20,9
DA:21,9
DA:22,9
DA:24,0
DA:25,0
DA:29,13
LF:18
LH:13
BRDA:4,0,0,10
BRDA:4,0,1,0
BRDA:16,1,0,0
BRDA:16,1,1,9
BRDA:18,2,0,0
BRDA:18,2,1,9
BRDA:18,3,0,9
BRDA:18,3,1,9
BRDA:18,3,2,9
BRF:9
BRH:6
end_of_record
TN:
SF:src\controllers\emailController.js
FN:3,sendContact
FN:16,sendCode
FNF:2
FNH:0
FNDA:0,sendContact
FNDA:0,sendCode
DA:1,13
DA:4,0
DA:5,0
DA:6,0
DA:7,0
DA:8,0
DA:9,0
DA:11,0
DA:12,0
DA:17,0
DA:18,0
DA:19,0
DA:20,0
DA:21,0
DA:23,0
DA:24,0
DA:28,13
LF:17
LH:2
BRDA:4,0,0,0
BRDA:4,0,1,0
BRDA:5,1,0,0
BRDA:5,1,1,0
BRDA:5,2,0,0
BRDA:5,2,1,0
BRDA:5,2,2,0
BRDA:5,2,3,0
BRDA:12,3,0,0
BRDA:12,3,1,0
BRDA:12,4,0,0
BRDA:12,4,1,0
BRDA:17,5,0,0
BRDA:17,5,1,0
BRDA:18,6,0,0
BRDA:18,6,1,0
BRDA:18,7,0,0
BRDA:18,7,1,0
BRDA:24,8,0,0
BRDA:24,8,1,0
BRDA:24,9,0,0
BRDA:24,9,1,0
BRF:22
BRH:0
end_of_record
TN:
SF:src\controllers\excelController.js
FN:3,exportExcel
FN:18,importExcel
FNF:2
FNH:1
FNDA:0,exportExcel
FNDA:4,importExcel
DA:1,13
DA:4,0
DA:5,0
DA:6,0
DA:7,0
DA:8,0
DA:9,0
DA:10,0
DA:11,0
DA:13,0
DA:14,0
DA:19,4
DA:20,4
DA:21,3
DA:22,3
DA:23,2
DA:25,1
DA:26,1
DA:30,13
LF:19
LH:9
BRDA:4,0,0,0
BRDA:4,0,1,0
BRDA:5,1,0,0
BRDA:5,1,1,0
BRDA:5,2,0,0
BRDA:5,2,1,0
BRDA:19,3,0,4
BRDA:19,3,1,0
BRDA:20,4,0,1
BRDA:20,4,1,3
BRDA:26,5,0,1
BRDA:26,5,1,0
BRDA:26,6,0,1
BRDA:26,6,1,0
BRF:14
BRH:5
end_of_record
TN:
SF:src\dao\AdminDAO.js
FN:2,(anonymous_0)
FN:13,(anonymous_1)
FN:31,(anonymous_2)
FN:40,(anonymous_3)
FNF:4
FNH:0
FNDA:0,(anonymous_0)
FNDA:0,(anonymous_1)
FNDA:0,(anonymous_2)
FNDA:0,(anonymous_3)
DA:1,13
DA:3,0
DA:10,0
DA:14,0
DA:28,0
DA:32,0
DA:37,0
DA:41,0
DA:42,0
DA:46,13
LF:10
LH:2
BRDA:42,0,0,0
BRDA:42,0,1,0
BRF:2
BRH:0
end_of_record
TN:
SF:src\dao\DbSyncDAO.js
FN:6,buildDbJson
FN:15,(anonymous_1)
FN:31,(anonymous_2)
FN:42,(anonymous_3)
FN:73,(anonymous_4)
FN:74,(anonymous_5)
FN:80,(anonymous_6)
FN:141,(anonymous_7)
FN:169,(anonymous_8)
FN:170,(anonymous_9)
FN:175,saveDbJson
FN:176,(anonymous_11)
FN:178,(anonymous_12)
FN:189,(anonymous_13)
FN:193,(anonymous_14)
FN:197,(anonymous_15)
FN:236,(anonymous_16)
FN:317,(anonymous_17)
FN:318,(anonymous_18)
FNF:19
FNH:0
FNDA:0,buildDbJson
FNDA:0,(anonymous_1)
FNDA:0,(anonymous_2)
FNDA:0,(anonymous_3)
FNDA:0,(anonymous_4)
FNDA:0,(anonymous_5)
FNDA:0,(anonymous_6)
FNDA:0,(anonymous_7)
FNDA:0,(anonymous_8)
FNDA:0,(anonymous_9)
FNDA:0,saveDbJson
FNDA:0,(anonymous_11)
FNDA:0,(anonymous_12)
FNDA:0,(anonymous_13)
FNDA:0,(anonymous_14)
FNDA:0,(anonymous_15)
FNDA:0,(anonymous_16)
FNDA:0,(anonymous_17)
FNDA:0,(anonymous_18)
DA:7,0
DA:8,0
DA:9,0
DA:11,0
DA:15,0
DA:17,0
DA:24,0
DA:25,0
DA:26,0
DA:27,0
DA:28,0
DA:31,0
DA:38,0
DA:42,0
DA:44,0
DA:51,0
DA:52,0
DA:53,0
DA:54,0
DA:57,0
DA:58,0
DA:59,0
DA:60,0
DA:61,0
DA:63,0
DA:64,0
DA:66,0
DA:67,0
DA:73,0
DA:74,0
DA:80,0
DA:81,0
DA:85,0
DA:86,0
DA:87,0
DA:88,0
DA:89,0
DA:90,0
DA:91,0
DA:92,0
DA:93,0
DA:96,0
DA:108,0
DA:109,0
DA:110,0
DA:111,0
DA:112,0
DA:119,0
DA:130,0
DA:131,0
DA:132,0
DA:133,0
DA:134,0
DA:135,0
DA:138,0
DA:141,0
DA:142,0
DA:143,0
DA:152,0
DA:153,0
DA:156,0
DA:161,0
DA:169,0
DA:170,0
DA:176,0
DA:178,0
DA:179,0
DA:180,0
DA:182,0
DA:185,0
DA:186,0
DA:187,0
DA:188,0
DA:189,0
DA:191,0
DA:192,0
DA:193,0
DA:195,0
DA:196,0
DA:197,0
DA:198,0
DA:199,0
DA:201,0
DA:202,0
DA:204,0
DA:205,0
DA:208,0
DA:209,0
DA:210,0
DA:211,0
DA:212,0
DA:213,0
DA:214,0
DA:215,0
DA:220,0
DA:221,0
DA:222,0
DA:223,0
DA:224,0
DA:225,0
DA:232,0
DA:233,0
DA:234,0
DA:236,0
DA:237,0
DA:238,0
DA:249,0
DA:251,0
DA:252,0
DA:256,0
DA:257,0
DA:258,0
DA:262,0
DA:267,0
DA:268,0
DA:269,0
DA:270,0
DA:271,0
DA:272,0
DA:276,0
DA:277,0
DA:278,0
DA:279,0
DA:281,0
DA:282,0
DA:286,0
DA:287,0
DA:288,0
DA:289,0
DA:290,0
DA:298,0
DA:299,0
DA:300,0
DA:301,0
DA:302,0
DA:314,0
DA:317,0
DA:318,0
DA:321,0
DA:322,0
DA:327,0
DA:330,0
DA:336,0
DA:337,0
DA:338,0
DA:339,0
DA:340,0
DA:341,0
DA:348,0
DA:349,0
DA:350,0
DA:351,0
DA:359,0
DA:360,0
DA:361,0
DA:362,0
DA:363,0
DA:365,0
DA:367,0
DA:368,0
DA:372,0
LF:161
LH:0
BRDA:11,0,0,0
BRDA:11,0,1,0
BRDA:17,1,0,0
BRDA:17,1,1,0
BRDA:26,2,0,0
BRDA:26,2,1,0
BRDA:27,3,0,0
BRDA:27,3,1,0
BRDA:33,4,0,0
BRDA:33,4,1,0
BRDA:34,5,0,0
BRDA:34,5,1,0
BRDA:38,6,0,0
BRDA:38,6,1,0
BRDA:44,7,0,0
BRDA:44,7,1,0
BRDA:53,8,0,0
BRDA:53,8,1,0
BRDA:59,9,0,0
BRDA:59,9,1,0
BRDA:60,10,0,0
BRDA:60,10,1,0
BRDA:61,11,0,0
BRDA:61,11,1,0
BRDA:63,12,0,0
BRDA:63,12,1,0
BRDA:66,13,0,0
BRDA:66,13,1,0
BRDA:66,14,0,0
BRDA:66,14,1,0
BRDA:81,15,0,0
BRDA:81,15,1,0
BRDA:87,16,0,0
BRDA:87,16,1,0
BRDA:89,17,0,0
BRDA:89,17,1,0
BRDA:91,18,0,0
BRDA:91,18,1,0
BRDA:92,19,0,0
BRDA:92,19,1,0
BRDA:96,20,0,0
BRDA:96,20,1,0
BRDA:111,21,0,0
BRDA:111,21,1,0
BRDA:114,22,0,0
BRDA:114,22,1,0
BRDA:115,23,0,0
BRDA:115,23,1,0
BRDA:119,24,0,0
BRDA:119,24,1,0
BRDA:133,25,0,0
BRDA:133,25,1,0
BRDA:134,26,0,0
BRDA:134,26,1,0
BRDA:142,27,0,0
BRDA:142,27,1,0
BRDA:146,28,0,0
BRDA:146,28,1,0
BRDA:148,29,0,0
BRDA:148,29,1,0
BRDA:149,30,0,0
BRDA:149,30,1,0
BRDA:152,31,0,0
BRDA:152,31,1,0
BRDA:176,32,0,0
BRDA:176,32,1,0
BRDA:180,33,0,0
BRDA:180,33,1,0
BRDA:188,34,0,0
BRDA:188,34,1,0
BRDA:192,35,0,0
BRDA:192,35,1,0
BRDA:196,36,0,0
BRDA:196,36,1,0
BRDA:209,37,0,0
BRDA:209,37,1,0
BRDA:211,38,0,0
BRDA:211,38,1,0
BRDA:211,39,0,0
BRDA:211,39,1,0
BRDA:213,40,0,0
BRDA:213,40,1,0
BRDA:220,41,0,0
BRDA:220,41,1,0
BRDA:221,42,0,0
BRDA:221,42,1,0
BRDA:223,43,0,0
BRDA:223,43,1,0
BRDA:236,44,0,0
BRDA:236,44,1,0
BRDA:237,45,0,0
BRDA:237,45,1,0
BRDA:241,46,0,0
BRDA:241,46,1,0
BRDA:242,47,0,0
BRDA:242,47,1,0
BRDA:243,48,0,0
BRDA:243,48,1,0
BRDA:251,49,0,0
BRDA:251,49,1,0
BRDA:254,50,0,0
BRDA:254,50,1,0
BRDA:254,51,0,0
BRDA:254,51,1,0
BRDA:256,52,0,0
BRDA:256,52,1,0
BRDA:267,53,0,0
BRDA:267,53,1,0
BRDA:269,54,0,0
BRDA:269,54,1,0
BRDA:269,55,0,0
BRDA:269,55,1,0
BRDA:271,56,0,0
BRDA:271,56,1,0
BRDA:277,57,0,0
BRDA:277,57,1,0
BRDA:281,58,0,0
BRDA:281,58,1,0
BRDA:284,59,0,0
BRDA:284,59,1,0
BRDA:286,60,0,0
BRDA:286,60,1,0
BRDA:289,61,0,0
BRDA:289,61,1,0
BRDA:292,62,0,0
BRDA:292,62,1,0
BRDA:292,63,0,0
BRDA:292,63,1,0
BRDA:298,64,0,0
BRDA:298,64,1,0
BRDA:300,65,0,0
BRDA:300,65,1,0
BRDA:309,66,0,0
BRDA:309,66,1,0
BRDA:309,67,0,0
BRDA:309,67,1,0
BRDA:316,68,0,0
BRDA:316,68,1,0
BRDA:321,69,0,0
BRDA:321,69,1,0
BRDA:336,70,0,0
BRDA:336,70,1,0
BRDA:338,71,0,0
BRDA:338,71,1,0
BRDA:340,72,0,0
BRDA:340,72,1,0
BRDA:343,73,0,0
BRDA:343,73,1,0
BRDA:348,74,0,0
BRDA:348,74,1,0
BRDA:359,75,0,0
BRDA:359,75,1,0
BRDA:360,76,0,0
BRDA:360,76,1,0
BRDA:362,77,0,0
BRDA:362,77,1,0
BRF:156
BRH:0
end_of_record
TN:
SF:src\dao\UsuarioDAO.js
FN:2,(anonymous_0)
FN:7,(anonymous_1)
FN:12,(anonymous_2)
FN:17,(anonymous_3)
FN:22,(anonymous_4)
FN:27,(anonymous_5)
FN:32,(anonymous_6)
FN:39,(anonymous_7)
FN:43,(anonymous_8)
FN:48,(anonymous_9)
FN:55,(anonymous_10)
FN:59,(anonymous_11)
FN:66,(anonymous_12)
FN:70,(anonymous_13)
FN:77,(anonymous_14)
FN:81,(anonymous_15)
FNF:16
FNH:0
FNDA:0,(anonymous_0)
FNDA:0,(anonymous_1)
FNDA:0,(anonymous_2)
FNDA:0,(anonymous_3)
FNDA:0,(anonymous_4)
FNDA:0,(anonymous_5)
FNDA:0,(anonymous_6)
FNDA:0,(anonymous_7)
FNDA:0,(anonymous_8)
FNDA:0,(anonymous_9)
FNDA:0,(anonymous_10)
FNDA:0,(anonymous_11)
FNDA:0,(anonymous_12)
FNDA:0,(anonymous_13)
FNDA:0,(anonymous_14)
FNDA:0,(anonymous_15)
DA:1,13
DA:3,0
DA:4,0
DA:8,0
DA:9,0
DA:13,0
DA:14,0
DA:18,0
DA:19,0
DA:23,0
DA:24,0
DA:28,0
DA:29,0
DA:33,0
DA:40,0
DA:44,0
DA:45,0
DA:49,0
DA:56,0
DA:60,0
DA:67,0
DA:71,0
DA:78,0
DA:82,0
DA:83,0
DA:90,0
DA:94,13
LF:27
LH:2
BRDA:4,0,0,0
BRDA:4,0,1,0
BRDA:9,1,0,0
BRDA:9,1,1,0
BRDA:14,2,0,0
BRDA:14,2,1,0
BRDA:19,3,0,0
BRDA:19,3,1,0
BRDA:67,4,0,0
BRDA:67,4,1,0
BRF:10
BRH:0
end_of_record
TN:
SF:src\middleware\auth.js
FN:3,requireAdmin
FNF:1
FNH:0
FNDA:0,requireAdmin
DA:1,13
DA:4,0
DA:5,0
DA:6,0
DA:7,0
DA:8,0
DA:9,0
DA:10,0
DA:11,0
DA:12,0
DA:13,0
DA:15,0
DA:19,13
LF:13
LH:2
BRDA:5,0,0,0
BRDA:5,0,1,0
BRDA:10,1,0,0
BRDA:10,1,1,0
BRDA:10,2,0,0
BRDA:10,2,1,0
BRF:6
BRH:0
end_of_record
TN:
SF:src\middleware\rateLimiter.js
FNF:0
FNH:0
DA:1,13
DA:3,13
DA:5,13
DA:13,13
DA:21,13
DA:29,13
LF:6
LH:6
BRDA:7,0,0,13
BRDA:7,0,1,0
BRDA:15,1,0,13
BRDA:15,1,1,0
BRDA:23,2,0,13
BRDA:23,2,1,0
BRF:6
BRH:3
end_of_record
TN:
SF:src\middleware\security.js
FN:8,blockServerFiles
FN:10,(anonymous_1)
FNF:2
FNH:2
FNDA:34,blockServerFiles
FNDA:170,(anonymous_1)
DA:1,13
DA:2,13
DA:9,34
DA:10,170
DA:11,0
DA:12,34
DA:15,13
LF:7
LH:6
BRDA:10,0,0,0
BRDA:10,0,1,34
BRDA:10,1,0,34
BRDA:10,1,1,34
BRF:4
BRH:3
end_of_record
TN:
SF:src\models\Actividad.js
FN:2,(anonymous_0)
FNF:1
FNH:0
FNDA:0,(anonymous_0)
DA:3,0
DA:4,0
DA:5,0
DA:6,0
DA:7,0
DA:8,0
DA:9,0
DA:13,0
LF:8
LH:0
BRDA:2,0,0,0
BRDA:6,1,0,0
BRDA:6,1,1,0
BRDA:8,2,0,0
BRDA:8,2,1,0
BRDA:9,3,0,0
BRDA:9,3,1,0
BRF:7
BRH:0
end_of_record
TN:
SF:src\models\Alumno.js
FN:2,(anonymous_0)
FN:9,(anonymous_1)
FNF:2
FNH:0
FNDA:0,(anonymous_0)
FNDA:0,(anonymous_1)
DA:3,0
DA:4,0
DA:5,0
DA:6,0
DA:10,0
DA:19,0
LF:6
LH:0
BRDA:2,0,0,0
BRDA:5,1,0,0
BRDA:5,1,1,0
BRDA:6,2,0,0
BRDA:6,2,1,0
BRF:5
BRH:0
end_of_record
TN:
SF:src\models\Curso.js
FN:2,(anonymous_0)
FN:11,(anonymous_1)
FNF:2
FNH:0
FNDA:0,(anonymous_0)
FNDA:0,(anonymous_1)
DA:3,0
DA:4,0
DA:5,0
DA:6,0
DA:7,0
DA:8,0
DA:12,0
DA:23,0
LF:8
LH:0
BRDA:2,0,0,0
BRDA:5,1,0,0
BRDA:5,1,1,0
BRDA:6,2,0,0
BRDA:6,2,1,0
BRDA:7,3,0,0
BRDA:7,3,1,0
BRDA:8,4,0,0
BRDA:8,4,1,0
BRDA:11,5,0,0
BRF:10
BRH:0
end_of_record
TN:
SF:src\models\Seccion.js
FN:2,(anonymous_0)
FNF:1
FNH:0
FNDA:0,(anonymous_0)
DA:3,0
DA:4,0
DA:5,0
DA:6,0
DA:7,0
DA:8,0
DA:12,0
LF:7
LH:0
BRDA:2,0,0,0
BRDA:6,1,0,0
BRDA:6,1,1,0
BRDA:7,2,0,0
BRDA:7,2,1,0
BRDA:8,3,0,0
BRDA:8,3,1,0
BRF:7
BRH:0
end_of_record
TN:
SF:src\models\Usuario.js
FN:2,(anonymous_0)
FN:13,(anonymous_1)
FN:23,(anonymous_2)
FNF:3
FNH:0
FNDA:0,(anonymous_0)
FNDA:0,(anonymous_1)
FNDA:0,(anonymous_2)
DA:3,0
DA:4,0
DA:5,0
DA:6,0
DA:7,0
DA:8,0
DA:9,0
DA:10,0
DA:14,0
DA:24,0
DA:37,0
LF:11
LH:0
BRDA:2,0,0,0
BRDA:5,1,0,0
BRDA:5,1,1,0
BRDA:7,2,0,0
BRDA:7,2,1,0
BRDA:8,3,0,0
BRDA:8,3,1,0
BRDA:10,4,0,0
BRDA:10,4,1,0
BRF:9
BRH:0
end_of_record
TN:
SF:src\routes\adminRoutes.js
FNF:0
FNH:0
DA:1,13
DA:2,13
DA:3,13
DA:4,13
DA:6,13
DA:8,13
DA:9,13
DA:10,13
DA:11,13
DA:12,13
DA:13,13
DA:15,13
LF:12
LH:12
BRF:0
BRH:0
end_of_record
TN:
SF:src\routes\authRoutes.js
FNF:0
FNH:0
DA:1,13
DA:2,13
DA:3,13
DA:4,13
DA:6,13
DA:7,13
DA:8,13
DA:9,13
DA:10,13
DA:12,13
DA:13,13
DA:14,13
DA:15,13
DA:17,13
LF:14
LH:14
BRF:0
BRH:0
end_of_record
TN:
SF:src\routes\dbRoutes.js
FNF:0
FNH:0
DA:1,13
DA:2,13
DA:3,13
DA:5,13
DA:6,13
DA:8,13
LF:6
LH:6
BRF:0
BRH:0
end_of_record
TN:
SF:src\routes\emailRoutes.js
FNF:0
FNH:0
DA:1,13
DA:2,13
DA:3,13
DA:5,13
DA:6,13
DA:8,13
LF:6
LH:6
BRF:0
BRH:0
end_of_record
TN:
SF:src\routes\excelRoutes.js
FNF:0
FNH:0
DA:1,13
DA:2,13
DA:3,13
DA:5,13
DA:6,13
DA:8,13
LF:6
LH:6
BRF:0
BRH:0
end_of_record
TN:
SF:src\services\adminService.js
FN:7,createError
FN:13,getStats
FN:24,getAccounts
FN:28,(anonymous_3)
FN:41,updateAccountStatus
FN:53,deleteAccount
FN:67,getBlockedAccounts
FN:71,(anonymous_7)
FN:84,unblockAccount
FNF:9
FNH:0
FNDA:0,createError
FNDA:0,getStats
FNDA:0,getAccounts
FNDA:0,(anonymous_3)
FNDA:0,updateAccountStatus
FNDA:0,deleteAccount
FNDA:0,getBlockedAccounts
FNDA:0,(anonymous_7)
FNDA:0,unblockAccount
DA:1,13
DA:2,13
DA:3,13
DA:5,13
DA:8,0
DA:9,0
DA:10,0
DA:14,0
DA:15,0
DA:16,0
DA:17,0
DA:18,0
DA:20,0
DA:25,0
DA:26,0
DA:27,0
DA:28,0
DA:37,0
DA:42,0
DA:43,0
DA:44,0
DA:45,0
DA:46,0
DA:47,0
DA:49,0
DA:54,0
DA:55,0
DA:56,0
DA:57,0
DA:58,0
DA:59,0
DA:60,0
DA:61,0
DA:63,0
DA:68,0
DA:69,0
DA:70,0
DA:71,0
DA:80,0
DA:85,0
DA:86,0
DA:87,0
DA:89,0
DA:93,13
LF:44
LH:5
BRDA:31,0,0,0
BRDA:31,0,1,0
BRDA:45,1,0,0
BRDA:45,1,1,0
BRDA:46,2,0,0
BRDA:46,2,1,0
BRDA:57,3,0,0
BRDA:57,3,1,0
BRDA:58,4,0,0
BRDA:58,4,1,0
BRDA:74,5,0,0
BRDA:74,5,1,0
BRF:12
BRH:0
end_of_record
TN:
SF:src\services\authService.js
FN:16,_genCode
FN:20,_cleanStore
FN:27,createError
FN:33,login
FN:88,register
FN:105,changePassword
FN:124,resetPassword
FN:135,deleteAccount
FN:156,sendRegisterCode
FN:177,verifyAndRegister
FN:202,sendRecoveryCode
FN:221,verifyRecoveryCode
FNF:12
FNH:6
FNDA:2,_genCode
FNDA:4,_cleanStore
FNDA:7,createError
FNDA:5,login
FNDA:0,register
FNDA:0,changePassword
FNDA:0,resetPassword
FNDA:0,deleteAccount
FNDA:4,sendRegisterCode
FNDA:2,verifyAndRegister
FNDA:0,sendRecoveryCode
FNDA:0,verifyRecoveryCode
DA:1,13
DA:2,13
DA:3,13
DA:4,13
DA:6,13
DA:7,13
DA:8,13
DA:9,13
DA:14,13
DA:17,2
DA:21,4
DA:22,4
DA:23,1
DA:28,7
DA:29,7
DA:30,7
DA:34,5
DA:35,5
DA:36,5
DA:37,5
DA:39,4
DA:40,4
DA:41,3
DA:42,3
DA:43,1
DA:44,1
DA:49,2
DA:50,2
DA:52,0
DA:53,0
DA:54,0
DA:55,0
DA:59,2
DA:60,1
DA:61,1
DA:62,1
DA:63,1
DA:64,1
DA:65,1
DA:67,0
DA:69,0
DA:72,1
DA:73,1
DA:76,1
DA:84,5
DA:89,0
DA:90,0
DA:91,0
DA:92,0
DA:93,0
DA:94,0
DA:96,0
DA:97,0
DA:98,0
DA:99,0
DA:101,0
DA:106,0
DA:107,0
DA:108,0
DA:109,0
DA:111,0
DA:112,0
DA:115,0
DA:117,0
DA:118,0
DA:120,0
DA:125,0
DA:126,0
DA:127,0
DA:128,0
DA:129,0
DA:131,0
DA:136,0
DA:137,0
DA:138,0
DA:139,0
DA:140,0
DA:142,0
DA:143,0
DA:146,0
DA:148,0
DA:149,0
DA:150,0
DA:152,0
DA:157,4
DA:158,4
DA:159,4
DA:160,4
DA:161,1
DA:162,3
DA:163,1
DA:165,4
DA:168,2
DA:169,2
DA:170,2
DA:174,2
DA:178,2
DA:179,2
DA:180,2
DA:181,0
DA:182,0
DA:184,2
DA:186,1
DA:187,1
DA:188,1
DA:189,1
DA:190,0
DA:191,1
DA:192,0
DA:194,1
DA:195,1
DA:196,1
DA:198,1
DA:203,0
DA:204,0
DA:206,0
DA:207,0
DA:209,0
DA:211,0
DA:213,0
DA:214,0
DA:218,0
DA:222,0
DA:223,0
DA:224,0
DA:225,0
DA:226,0
DA:228,0
DA:230,0
DA:231,0
DA:234,13
LF:131
LH:65
BRDA:23,0,0,0
BRDA:23,0,1,1
BRDA:37,1,0,1
BRDA:37,1,1,4
BRDA:39,2,0,4
BRDA:39,2,1,0
BRDA:40,3,0,1
BRDA:40,3,1,3
BRDA:42,4,0,1
BRDA:42,4,1,2
BRDA:42,5,0,3
BRDA:42,5,1,1
BRDA:49,6,0,2
BRDA:49,6,1,0
BRDA:49,7,0,2
BRDA:49,7,1,2
BRDA:53,8,0,0
BRDA:53,8,1,0
BRDA:59,9,0,1
BRDA:59,9,1,1
BRDA:60,10,0,1
BRDA:60,10,1,0
BRDA:61,11,0,1
BRDA:61,11,1,0
BRDA:62,12,0,1
BRDA:62,12,1,0
BRDA:72,13,0,1
BRDA:72,13,1,0
BRDA:79,14,0,1
BRDA:79,14,1,0
BRDA:91,15,0,0
BRDA:91,15,1,0
BRDA:93,16,0,0
BRDA:93,16,1,0
BRDA:109,17,0,0
BRDA:109,17,1,0
BRDA:112,18,0,0
BRDA:112,18,1,0
BRDA:115,19,0,0
BRDA:115,19,1,0
BRDA:129,20,0,0
BRDA:129,20,1,0
BRDA:139,21,0,0
BRDA:139,21,1,0
BRDA:140,22,0,0
BRDA:140,22,1,0
BRDA:143,23,0,0
BRDA:143,23,1,0
BRDA:146,24,0,0
BRDA:146,24,1,0
BRDA:160,25,0,1
BRDA:160,25,1,3
BRDA:162,26,0,1
BRDA:162,26,1,2
BRDA:179,27,0,0
BRDA:179,27,1,2
BRDA:180,28,0,0
BRDA:180,28,1,2
BRDA:184,29,0,1
BRDA:184,29,1,1
BRDA:189,30,0,0
BRDA:189,30,1,1
BRDA:191,31,0,0
BRDA:191,31,1,1
BRDA:211,32,0,0
BRDA:211,32,1,0
BRDA:223,33,0,0
BRDA:223,33,1,0
BRDA:224,34,0,0
BRDA:224,34,1,0
BRDA:228,35,0,0
BRDA:228,35,1,0
BRF:72
BRH:30
end_of_record
TN:
SF:src\services\dbSyncService.js
FN:3,readDb
FN:12,writeDb
FNF:2
FNH:2
FNDA:10,readDb
FNDA:9,writeDb
DA:1,13
DA:4,10
DA:5,10
DA:6,10
DA:8,10
DA:13,9
DA:14,9
DA:15,9
DA:17,9
DA:21,13
LF:10
LH:10
BRF:0
BRH:0
end_of_record
TN:
SF:src\services\emailService.js
FN:3,createError
FN:9,sendContactMessage
FN:15,sendRegistrationCode
FN:21,sendRecoveryCode
FNF:4
FNH:0
FNDA:0,createError
FNDA:0,sendContactMessage
FNDA:0,sendRegistrationCode
FNDA:0,sendRecoveryCode
DA:1,13
DA:4,0
DA:5,0
DA:6,0
DA:10,0
DA:11,0
DA:12,0
DA:16,0
DA:17,0
DA:18,0
DA:22,0
DA:23,0
DA:24,0
DA:27,13
LF:14
LH:2
BRDA:11,0,0,0
BRDA:11,0,1,0
BRDA:17,1,0,0
BRDA:17,1,1,0
BRDA:23,2,0,0
BRDA:23,2,1,0
BRF:6
BRH:0
end_of_record
TN:
SF:src\services\excelService.js
FN:5,(anonymous_0)
FN:7,exportToExcel
FN:11,(anonymous_2)
FN:13,(anonymous_3)
FN:25,(anonymous_4)
FN:26,(anonymous_5)
FN:31,(anonymous_6)
FN:63,importFromExcel
FN:78,(anonymous_8)
FN:80,(anonymous_9)
FN:82,(anonymous_10)
FN:83,(anonymous_11)
FN:88,(anonymous_12)
FN:91,(anonymous_13)
FNF:14
FNH:0
FNDA:0,(anonymous_0)
FNDA:0,exportToExcel
FNDA:0,(anonymous_2)
FNDA:0,(anonymous_3)
FNDA:0,(anonymous_4)
FNDA:0,(anonymous_5)
FNDA:0,(anonymous_6)
FNDA:0,importFromExcel
FNDA:0,(anonymous_8)
FNDA:0,(anonymous_9)
FNDA:0,(anonymous_10)
FNDA:0,(anonymous_11)
FNDA:0,(anonymous_12)
FNDA:0,(anonymous_13)
DA:1,12
DA:3,12
DA:4,12
DA:5,12
DA:8,0
DA:9,0
DA:11,0
DA:12,0
DA:13,0
DA:14,0
DA:15,0
DA:16,0
DA:17,0
DA:18,0
DA:19,0
DA:25,0
DA:26,0
DA:27,0
DA:28,0
DA:30,0
DA:31,0
DA:32,0
DA:33,0
DA:34,0
DA:36,0
DA:37,0
DA:38,0
DA:39,0
DA:40,0
DA:41,0
DA:42,0
DA:43,0
DA:46,0
DA:47,0
DA:54,0
DA:55,0
DA:56,0
DA:57,0
DA:59,0
DA:60,0
DA:64,0
DA:65,0
DA:66,0
DA:68,0
DA:69,0
DA:70,0
DA:71,0
DA:72,0
DA:75,0
DA:76,0
DA:77,0
DA:78,0
DA:79,0
DA:80,0
DA:82,0
DA:83,0
DA:85,0
DA:87,0
DA:88,0
DA:89,0
DA:90,0
DA:91,0
DA:92,0
DA:94,0
DA:95,0
DA:98,0
DA:101,12
LF:67
LH:5
BRDA:5,0,0,0
BRDA:5,0,1,0
BRDA:15,1,0,0
BRDA:15,1,1,0
BRDA:17,2,0,0
BRDA:17,2,1,0
BRDA:28,3,0,0
BRDA:28,3,1,0
BRDA:28,4,0,0
BRDA:28,4,1,0
BRDA:28,4,2,0
BRDA:33,5,0,0
BRDA:33,5,1,0
BRDA:34,6,0,0
BRDA:34,6,1,0
BRDA:34,7,0,0
BRDA:34,7,1,0
BRDA:36,8,0,0
BRDA:36,8,1,0
BRDA:36,9,0,0
BRDA:36,9,1,0
BRDA:39,10,0,0
BRDA:39,10,1,0
BRDA:39,11,0,0
BRDA:39,11,1,0
BRDA:42,12,0,0
BRDA:42,12,1,0
BRDA:46,13,0,0
BRDA:46,13,1,0
BRDA:59,14,0,0
BRDA:59,14,1,0
BRDA:59,15,0,0
BRDA:59,15,1,0
BRDA:59,16,0,0
BRDA:59,16,1,0
BRDA:59,17,0,0
BRDA:59,17,1,0
BRDA:69,18,0,0
BRDA:69,18,1,0
BRDA:79,19,0,0
BRDA:79,19,1,0
BRDA:80,20,0,0
BRDA:80,20,1,0
BRDA:83,21,0,0
BRDA:83,21,1,0
BRDA:85,22,0,0
BRDA:85,22,1,0
BRDA:89,23,0,0
BRDA:89,23,1,0
BRDA:90,24,0,0
BRDA:90,24,1,0
BRDA:91,25,0,0
BRDA:91,25,1,0
BRDA:92,26,0,0
BRDA:92,26,1,0
BRDA:92,27,0,0
BRDA:92,27,1,0
BRDA:92,27,2,0
BRDA:94,28,0,0
BRDA:94,28,1,0
BRDA:95,29,0,0
BRDA:95,29,1,0
BRDA:95,30,0,0
BRDA:95,30,1,0
BRDA:95,30,2,0
BRF:65
BRH:0
end_of_record
TN:
SF:utils\mailer.js
FN:21,emailDomainExists
FN:33,sendContactEmail
FN:57,sendRegistrationEmail
FN:79,sendRecoveryEmail
FNF:4
FNH:0
FNDA:0,emailDomainExists
FNDA:0,sendContactEmail
FNDA:0,sendRegistrationEmail
FNDA:0,sendRecoveryEmail
DA:5,0
DA:6,0
DA:8,0
DA:22,0
DA:23,0
DA:24,0
DA:25,0
DA:26,0
DA:28,0
DA:34,0
DA:35,0
DA:58,0
DA:80,0
DA:100,0
LF:14
LH:0
BRDA:9,0,0,0
BRDA:9,0,1,0
BRDA:10,1,0,0
BRDA:10,1,1,0
BRDA:22,2,0,0
BRDA:22,2,1,0
BRDA:23,3,0,0
BRDA:23,3,1,0
BRDA:26,4,0,0
BRDA:26,4,1,0
BRDA:34,5,0,0
BRDA:34,5,1,0
BRF:12
BRH:0
end_of_record
